[0607/184429:VERBOSE3:epoll_server.cc(197)] RegisterFD fd=5 event_mask=1
[0607/184429:VERBOSE3:epoll_server.cc(197)] RegisterFD fd=7 event_mask=-2147483643
[0607/184429:VERBOSE1:quic_connection.cc(279)] Client: Created connection with connection_id: 11329148688709404647
[0607/184429:VERBOSE1:quic_flow_controller.cc(45)] Client: Created flow controller for stream 0, setting initial receive window offset to: 10485760, max receive window to: 10485760, max receive window limit to: 25165824, setting send window offset to: 16384
[0607/184429:VERBOSE1:quic_flow_controller.cc(45)] Client: Created flow controller for stream 1, setting initial receive window offset to: 10485760, max receive window to: 10485760, max receive window limit to: 16777216, setting send window offset to: 16384
[0607/184429:VERBOSE4:epoll_server.cc(471)] RegisteringAlarm at : 13141305873958723
[0607/184429:VERBOSE4:quic_connection.cc(2133)] timeout_alarm_  set
[0607/184429:VERBOSE1:quic_crypto_stream.cc(66)] Client: Sending CHLO<
  SNI : "127.0.0.1"
  VER : 'Q025'
  CCS : 0x7B26E9E7E45C71FF
  MSPC: 100
  ICSL: 600
  SCLS: 0x01000000
  CFCW: 10485760
  SFCW: 10485760
>
[0607/184429:VERBOSE1:quic_connection.cc(2166)] Entering Batch Mode.
[0607/184429:VERBOSE1:quic_packet_creator.cc(594)] Adding frame: type { STREAM_FRAME } stream_id { 1 } fin { 0 } offset { 0 } data { 0x0000:  4348 4c4f 0900 0000 5041 4400 9b04 0000  CHLO....PAD.....
0x0010:  534e 4900 a404 0000 5645 5200 a804 0000  SNI.....VER.....
0x0020:  4343 5300 b004 0000 4d53 5043 b404 0000  CCS.....MSPC....
0x0030:  4943 534c b804 0000 5343 4c53 bc04 0000  ICSL....SCLS....
0x0040:  4346 4357 c004 0000 5346 4357 c404 0000  CFCW....SFCW....
0x0050:  2d2d 2d2d 2d2d 2d2d 2d2d 2d2d 2d2d 2d2d  ----------------
0x0060:  2d2d 2d2d 2d2d 2d2d 2d2d 2d2d 2d2d 2d2d  ----------------
0x0070:  2d2d 2d2d 2d2d 2d2d 2d2d 2d2d 2d2d 2d2d  ----------------
0x0080:  2d2d 2d2d 2d2d 2d2d 2d2d 2d2d 2d2d 2d2d  ----------------
0x0090:  2d2d 2d2d 2d2d 2d2d 2d2d 2d2d 2d2d 2d2d  ----------------
0x00a0:  2d2d 2d2d 2d2d 2d2d 2d2d 2d2d 2d2d 2d2d  ----------------
0x00b0:  2d2d 2d2d 2d2d 2d2d 2d2d 2d2d 2d2d 2d2d  ----------------
0x00c0:  2d2d 2d2d 2d2d 2d2d 2d2d 2d2d 2d2d 2d2d  ----------------
0x00d0:  2d2d 2d2d 2d2d 2d2d 2d2d 2d2d 2d2d 2d2d  ----------------
0x00e0:  2d2d 2d2d 2d2d 2d2d 2d2d 2d2d 2d2d 2d2d  ----------------
0x00f0:  2d2d 2d2d 2d2d 2d2d 2d2d 2d2d 2d2d 2d2d  ----------------
0x0100:  2d2d 2d2d 2d2d 2d2d 2d2d 2d2d 2d2d 2d2d  ----------------
0x0110:  2d2d 2d2d 2d2d 2d2d 2d2d 2d2d 2d2d 2d2d  ----------------
0x0120:  2d2d 2d2d 2d2d 2d2d 2d2d 2d2d 2d2d 2d2d  ----------------
0x0130:  2d2d 2d2d 2d2d 2d2d 2d2d 2d2d 2d2d 2d2d  ----------------
0x0140:  2d2d 2d2d 2d2d 2d2d 2d2d 2d2d 2d2d 2d2d  ----------------
0x0150:  2d2d 2d2d 2d2d 2d2d 2d2d 2d2d 2d2d 2d2d  ----------------
0x0160:  2d2d 2d2d 2d2d 2d2d 2d2d 2d2d 2d2d 2d2d  ----------------
0x0170:  2d2d 2d2d 2d2d 2d2d 2d2d 2d2d 2d2d 2d2d  ----------------
0x0180:  2d2d 2d2d 2d2d 2d2d 2d2d 2d2d 2d2d 2d2d  ----------------
0x0190:  2d2d 2d2d 2d2d 2d2d 2d2d 2d2d 2d2d 2d2d  ----------------
0x01a0:  2d2d 2d2d 2d2d 2d2d 2d2d 2d2d 2d2d 2d2d  ----------------
0x01b0:  2d2d 2d2d 2d2d 2d2d 2d2d 2d2d 2d2d 2d2d  ----------------
0x01c0:  2d2d 2d2d 2d2d 2d2d 2d2d 2d2d 2d2d 2d2d  ----------------
0x01d0:  2d2d 2d2d 2d2d 2d2d 2d2d 2d2d 2d2d 2d2d  ----------------
0x01e0:  2d2d 2d2d 2d2d 2d2d 2d2d 2d2d 2d2d 2d2d  ----------------
0x01f0:  2d2d 2d2d 2d2d 2d2d 2d2d 2d2d 2d2d 2d2d  ----------------
0x0200:  2d2d 2d2d 2d2d 2d2d 2d2d 2d2d 2d2d 2d2d  ----------------
0x0210:  2d2d 2d2d 2d2d 2d2d 2d2d 2d2d 2d2d 2d2d  ----------------
0x0220:  2d2d 2d2d 2d2d 2d2d 2d2d 2d2d 2d2d 2d2d  ----------------
0x0230:  2d2d 2d2d 2d2d 2d2d 2d2d 2d2d 2d2d 2d2d  ----------------
0x0240:  2d2d 2d2d 2d2d 2d2d 2d2d 2d2d 2d2d 2d2d  ----------------
0x0250:  2d2d 2d2d 2d2d 2d2d 2d2d 2d2d 2d2d 2d2d  ----------------
0x0260:  2d2d 2d2d 2d2d 2d2d 2d2d 2d2d 2d2d 2d2d  ----------------
0x0270:  2d2d 2d2d 2d2d 2d2d 2d2d 2d2d 2d2d 2d2d  ----------------
0x0280:  2d2d 2d2d 2d2d 2d2d 2d2d 2d2d 2d2d 2d2d  ----------------
0x0290:  2d2d 2d2d 2d2d 2d2d 2d2d 2d2d 2d2d 2d2d  ----------------
0x02a0:  2d2d 2d2d 2d2d 2d2d 2d2d 2d2d 2d2d 2d2d  ----------------
0x02b0:  2d2d 2d2d 2d2d 2d2d 2d2d 2d2d 2d2d 2d2d  ----------------
0x02c0:  2d2d 2d2d 2d2d 2d2d 2d2d 2d2d 2d2d 2d2d  ----------------
0x02d0:  2d2d 2d2d 2d2d 2d2d 2d2d 2d2d 2d2d 2d2d  ----------------
0x02e0:  2d2d 2d2d 2d2d 2d2d 2d2d 2d2d 2d2d 2d2d  ----------------
0x02f0:  2d2d 2d2d 2d2d 2d2d 2d2d 2d2d 2d2d 2d2d  ----------------
0x0300:  2d2d 2d2d 2d2d 2d2d 2d2d 2d2d 2d2d 2d2d  ----------------
0x0310:  2d2d 2d2d 2d2d 2d2d 2d2d 2d2d 2d2d 2d2d  ----------------
0x0320:  2d2d 2d2d 2d2d 2d2d 2d2d 2d2d 2d2d 2d2d  ----------------
0x0330:  2d2d 2d2d 2d2d 2d2d 2d2d 2d2d 2d2d 2d2d  ----------------
0x0340:  2d2d 2d2d 2d2d 2d2d 2d2d 2d2d 2d2d 2d2d  ----------------
0x0350:  2d2d 2d2d 2d2d 2d2d 2d2d 2d2d 2d2d 2d2d  ----------------
0x0360:  2d2d 2d2d 2d2d 2d2d 2d2d 2d2d 2d2d 2d2d  ----------------
0x0370:  2d2d 2d2d 2d2d 2d2d 2d2d 2d2d 2d2d 2d2d  ----------------
0x0380:  2d2d 2d2d 2d2d 2d2d 2d2d 2d2d 2d2d 2d2d  ----------------
0x0390:  2d2d 2d2d 2d2d 2d2d 2d2d 2d2d 2d2d 2d2d  ----------------
0x03a0:  2d2d 2d2d 2d2d 2d2d 2d2d 2d2d 2d2d 2d2d  ----------------
0x03b0:  2d2d 2d2d 2d2d 2d2d 2d2d 2d2d 2d2d 2d2d  ----------------
0x03c0:  2d2d 2d2d 2d2d 2d2d 2d2d 2d2d 2d2d 2d2d  ----------------
0x03d0:  2d2d 2d2d 2d2d 2d2d 2d2d 2d2d 2d2d 2d2d  ----------------
0x03e0:  2d2d 2d2d 2d2d 2d2d 2d2d 2d2d 2d2d 2d2d  ----------------
0x03f0:  2d2d 2d2d 2d2d 2d2d 2d2d 2d2d 2d2d 2d2d  ----------------
0x0400:  2d2d 2d2d 2d2d 2d2d 2d2d 2d2d 2d2d 2d2d  ----------------
0x0410:  2d2d 2d2d 2d2d 2d2d 2d2d 2d2d 2d2d 2d2d  ----------------
0x0420:  2d2d 2d2d 2d2d 2d2d 2d2d 2d2d 2d2d 2d2d  ----------------
0x0430:  2d2d 2d2d 2d2d 2d2d 2d2d 2d2d 2d2d 2d2d  ----------------
0x0440:  2d2d 2d2d 2d2d 2d2d 2d2d 2d2d 2d2d 2d2d  ----------------
0x0450:  2d2d 2d2d 2d2d 2d2d 2d2d 2d2d 2d2d 2d2d  ----------------
0x0460:  2d2d 2d2d 2d2d 2d2d 2d2d 2d2d 2d2d 2d2d  ----------------
0x0470:  2d2d 2d2d 2d2d 2d2d 2d2d 2d2d 2d2d 2d2d  ----------------
0x0480:  2d2d 2d2d 2d2d 2d2d 2d2d 2d2d 2d2d 2d2d  ----------------
0x0490:  2d2d 2d2d 2d2d 2d2d 2d2d 2d2d 2d2d 2d2d  ----------------
0x04a0:  2d2d 2d2d 2d2d 2d2d 2d2d 2d2d 2d2d 2d2d  ----------------
0x04b0:  2d2d 2d2d 2d2d 2d2d 2d2d 2d2d 2d2d 2d2d  ----------------
0x04c0:  2d2d 2d2d 2d2d 2d2d 2d2d 2d2d 2d2d 2d2d  ----------------
0x04d0:  2d2d 2d2d 2d2d 2d2d 2d2d 2d2d 2d2d 2d2d  ----------------
0x04e0:  2d2d 2d2d 2d2d 2d2d 2d2d 2d31 3237 2e30  -----------127.0
0x04f0:  2e30 2e31 5130 3235 7b26 e9e7 e45c 71ff  .0.1Q025{&...\q.
0x0500:  6400 0000 5802 0000 0100 0000 0000 a000  d...X...........
0x0510:  0000 a000                                ....
 }

[0607/184429:VERBOSE1:quic_packet_creator.cc(594)] Adding frame: type { PADDING_FRAME } 
[0607/184429:VERBOSE1:quic_framer.cc(709)] Appending header: { connection_id: 11329148688709404647, connection_id_length:8, sequence_number_length:1, reset_flag: 0, version_flag: 1 version: , fec_flag: 0, entropy_flag: 1, entropy hash: 0, sequence_number: 1, is_in_fec_group:0, fec_group: 0}

[0607/184429:VERBOSE1:quic_framer.cc(769)] version = 25, tag = 'Q025'
[0607/184429:VERBOSE2:quic_sent_entropy_manager.cc(55)] Recorded sequence number 1 with entropy hash: 2
[0607/184429:VERBOSE1:quic_connection.cc(1540)] Client: Sending packet 1 : data bearing , encryption level: ENCRYPTION_NONE, encrypted length:1350
[0607/184429:VERBOSE2:quic_connection.cc(1550)] Client: packet(1): 
0x0000:  0de7 471b 3eb5 3839 9d51 3032 3501 46ef  ..G.>.89.Q025.F.
0x0010:  a247 c900 fd79 07e1 a354 01a0 0114 0543  .G...y...T.....C
0x0020:  484c 4f09 0000 0050 4144 009b 0400 0053  HLO....PAD.....S
0x0030:  4e49 00a4 0400 0056 4552 00a8 0400 0043  NI.....VER.....C
0x0040:  4353 00b0 0400 004d 5350 43b4 0400 0049  CS.....MSPC....I
0x0050:  4353 4cb8 0400 0053 434c 53bc 0400 0043  CSL....SCLS....C
0x0060:  4643 57c0 0400 0053 4643 57c4 0400 002d  FCW....SFCW....-
0x0070:  2d2d 2d2d 2d2d 2d2d 2d2d 2d2d 2d2d 2d2d  ----------------
0x0080:  2d2d 2d2d 2d2d 2d2d 2d2d 2d2d 2d2d 2d2d  ----------------
0x0090:  2d2d 2d2d 2d2d 2d2d 2d2d 2d2d 2d2d 2d2d  ----------------
0x00a0:  2d2d 2d2d 2d2d 2d2d 2d2d 2d2d 2d2d 2d2d  ----------------
0x00b0:  2d2d 2d2d 2d2d 2d2d 2d2d 2d2d 2d2d 2d2d  ----------------
0x00c0:  2d2d 2d2d 2d2d 2d2d 2d2d 2d2d 2d2d 2d2d  ----------------
0x00d0:  2d2d 2d2d 2d2d 2d2d 2d2d 2d2d 2d2d 2d2d  ----------------
0x00e0:  2d2d 2d2d 2d2d 2d2d 2d2d 2d2d 2d2d 2d2d  ----------------
0x00f0:  2d2d 2d2d 2d2d 2d2d 2d2d 2d2d 2d2d 2d2d  ----------------
0x0100:  2d2d 2d2d 2d2d 2d2d 2d2d 2d2d 2d2d 2d2d  ----------------
0x0110:  2d2d 2d2d 2d2d 2d2d 2d2d 2d2d 2d2d 2d2d  ----------------
0x0120:  2d2d 2d2d 2d2d 2d2d 2d2d 2d2d 2d2d 2d2d  ----------------
0x0130:  2d2d 2d2d 2d2d 2d2d 2d2d 2d2d 2d2d 2d2d  ----------------
0x0140:  2d2d 2d2d 2d2d 2d2d 2d2d 2d2d 2d2d 2d2d  ----------------
0x0150:  2d2d 2d2d 2d2d 2d2d 2d2d 2d2d 2d2d 2d2d  ----------------
0x0160:  2d2d 2d2d 2d2d 2d2d 2d2d 2d2d 2d2d 2d2d  ----------------
0x0170:  2d2d 2d2d 2d2d 2d2d 2d2d 2d2d 2d2d 2d2d  ----------------
0x0180:  2d2d 2d2d 2d2d 2d2d 2d2d 2d2d 2d2d 2d2d  ----------------
0x0190:  2d2d 2d2d 2d2d 2d2d 2d2d 2d2d 2d2d 2d2d  ----------------
0x01a0:  2d2d 2d2d 2d2d 2d2d 2d2d 2d2d 2d2d 2d2d  ----------------
0x01b0:  2d2d 2d2d 2d2d 2d2d 2d2d 2d2d 2d2d 2d2d  ----------------
0x01c0:  2d2d 2d2d 2d2d 2d2d 2d2d 2d2d 2d2d 2d2d  ----------------
0x01d0:  2d2d 2d2d 2d2d 2d2d 2d2d 2d2d 2d2d 2d2d  ----------------
0x01e0:  2d2d 2d2d 2d2d 2d2d 2d2d 2d2d 2d2d 2d2d  ----------------
0x01f0:  2d2d 2d2d 2d2d 2d2d 2d2d 2d2d 2d2d 2d2d  ----------------
0x0200:  2d2d 2d2d 2d2d 2d2d 2d2d 2d2d 2d2d 2d2d  ----------------
0x0210:  2d2d 2d2d 2d2d 2d2d 2d2d 2d2d 2d2d 2d2d  ----------------
0x0220:  2d2d 2d2d 2d2d 2d2d 2d2d 2d2d 2d2d 2d2d  ----------------
0x0230:  2d2d 2d2d 2d2d 2d2d 2d2d 2d2d 2d2d 2d2d  ----------------
0x0240:  2d2d 2d2d 2d2d 2d2d 2d2d 2d2d 2d2d 2d2d  ----------------
0x0250:  2d2d 2d2d 2d2d 2d2d 2d2d 2d2d 2d2d 2d2d  ----------------
0x0260:  2d2d 2d2d 2d2d 2d2d 2d2d 2d2d 2d2d 2d2d  ----------------
0x0270:  2d2d 2d2d 2d2d 2d2d 2d2d 2d2d 2d2d 2d2d  ----------------
0x0280:  2d2d 2d2d 2d2d 2d2d 2d2d 2d2d 2d2d 2d2d  ----------------
0x0290:  2d2d 2d2d 2d2d 2d2d 2d2d 2d2d 2d2d 2d2d  ----------------
0x02a0:  2d2d 2d2d 2d2d 2d2d 2d2d 2d2d 2d2d 2d2d  ----------------
0x02b0:  2d2d 2d2d 2d2d 2d2d 2d2d 2d2d 2d2d 2d2d  ----------------
0x02c0:  2d2d 2d2d 2d2d 2d2d 2d2d 2d2d 2d2d 2d2d  ----------------
0x02d0:  2d2d 2d2d 2d2d 2d2d 2d2d 2d2d 2d2d 2d2d  ----------------
0x02e0:  2d2d 2d2d 2d2d 2d2d 2d2d 2d2d 2d2d 2d2d  ----------------
0x02f0:  2d2d 2d2d 2d2d 2d2d 2d2d 2d2d 2d2d 2d2d  ----------------
0x0300:  2d2d 2d2d 2d2d 2d2d 2d2d 2d2d 2d2d 2d2d  ----------------
0x0310:  2d2d 2d2d 2d2d 2d2d 2d2d 2d2d 2d2d 2d2d  ----------------
0x0320:  2d2d 2d2d 2d2d 2d2d 2d2d 2d2d 2d2d 2d2d  ----------------
0x0330:  2d2d 2d2d 2d2d 2d2d 2d2d 2d2d 2d2d 2d2d  ----------------
0x0340:  2d2d 2d2d 2d2d 2d2d 2d2d 2d2d 2d2d 2d2d  ----------------
0x0350:  2d2d 2d2d 2d2d 2d2d 2d2d 2d2d 2d2d 2d2d  ----------------
0x0360:  2d2d 2d2d 2d2d 2d2d 2d2d 2d2d 2d2d 2d2d  ----------------
0x0370:  2d2d 2d2d 2d2d 2d2d 2d2d 2d2d 2d2d 2d2d  ----------------
0x0380:  2d2d 2d2d 2d2d 2d2d 2d2d 2d2d 2d2d 2d2d  ----------------
0x0390:  2d2d 2d2d 2d2d 2d2d 2d2d 2d2d 2d2d 2d2d  ----------------
0x03a0:  2d2d 2d2d 2d2d 2d2d 2d2d 2d2d 2d2d 2d2d  ----------------
0x03b0:  2d2d 2d2d 2d2d 2d2d 2d2d 2d2d 2d2d 2d2d  ----------------
0x03c0:  2d2d 2d2d 2d2d 2d2d 2d2d 2d2d 2d2d 2d2d  ----------------
0x03d0:  2d2d 2d2d 2d2d 2d2d 2d2d 2d2d 2d2d 2d2d  ----------------
0x03e0:  2d2d 2d2d 2d2d 2d2d 2d2d 2d2d 2d2d 2d2d  ----------------
0x03f0:  2d2d 2d2d 2d2d 2d2d 2d2d 2d2d 2d2d 2d2d  ----------------
0x0400:  2d2d 2d2d 2d2d 2d2d 2d2d 2d2d 2d2d 2d2d  ----------------
0x0410:  2d2d 2d2d 2d2d 2d2d 2d2d 2d2d 2d2d 2d2d  ----------------
0x0420:  2d2d 2d2d 2d2d 2d2d 2d2d 2d2d 2d2d 2d2d  ----------------
0x0430:  2d2d 2d2d 2d2d 2d2d 2d2d 2d2d 2d2d 2d2d  ----------------
0x0440:  2d2d 2d2d 2d2d 2d2d 2d2d 2d2d 2d2d 2d2d  ----------------
0x0450:  2d2d 2d2d 2d2d 2d2d 2d2d 2d2d 2d2d 2d2d  ----------------
0x0460:  2d2d 2d2d 2d2d 2d2d 2d2d 2d2d 2d2d 2d2d  ----------------
0x0470:  2d2d 2d2d 2d2d 2d2d 2d2d 2d2d 2d2d 2d2d  ----------------
0x0480:  2d2d 2d2d 2d2d 2d2d 2d2d 2d2d 2d2d 2d2d  ----------------
0x0490:  2d2d 2d2d 2d2d 2d2d 2d2d 2d2d 2d2d 2d2d  ----------------
0x04a0:  2d2d 2d2d 2d2d 2d2d 2d2d 2d2d 2d2d 2d2d  ----------------
0x04b0:  2d2d 2d2d 2d2d 2d2d 2d2d 2d2d 2d2d 2d2d  ----------------
0x04c0:  2d2d 2d2d 2d2d 2d2d 2d2d 2d2d 2d2d 2d2d  ----------------
0x04d0:  2d2d 2d2d 2d2d 2d2d 2d2d 2d2d 2d2d 2d2d  ----------------
0x04e0:  2d2d 2d2d 2d2d 2d2d 2d2d 2d2d 2d2d 2d2d  ----------------
0x04f0:  2d2d 2d2d 2d2d 2d2d 2d2d 2d2d 2d2d 2d2d  ----------------
0x0500:  2d2d 2d2d 2d2d 2d2d 2d2d 3132 372e 302e  ----------127.0.
0x0510:  302e 3151 3032 357b 26e9 e7e4 5c71 ff64  0.1Q025{&...\q.d
0x0520:  0000 0058 0200 0001 0000 0000 00a0 0000  ...X............
0x0530:  00a0 0000 0000 0000 0000 0000 0000 0000  ................
0x0540:  0000 0000 0000                           ......

[0607/184429:VERBOSE1:quic_connection.cc(1592)] Client: time we began writing last sent packet: 13141305869960828
[0607/184429:VERBOSE4:epoll_server.cc(471)] RegisteringAlarm at : 13141305870110837
[0607/184429:VERBOSE4:quic_alarm.cc(43)] Update  alarm
[0607/184429:VERBOSE1:quic_connection.cc(2185)] Leaving Batch Mode.
[0607/184429:VERBOSE1:quic_flow_controller.cc(87)] Client: Stream 1 sent: 1300
[0607/184429:VERBOSE4:epoll_server.cc(391)] next_alarm_time = 13141305870110837 now             = 13141305869960889 timeout_in_us = 50000
[0607/184429:VERBOSE4:epoll_server.cc(407)] wait_time_in_us = 50000
[0607/184429:VERBOSE3:epoll_server.cc(664)] nfds=1
[0607/184429:VERBOSE1:quic_connection.cc(2166)] Entering Batch Mode.
[0607/184429:VERBOSE1:quic_connection.cc(2185)] Leaving Batch Mode.
[0607/184429:VERBOSE4:epoll_server.cc(391)] next_alarm_time = 13141305870110837 now             = 13141305869960944 timeout_in_us = 50000
[0607/184429:VERBOSE4:epoll_server.cc(407)] wait_time_in_us = 50000
[0607/184430:VERBOSE3:epoll_server.cc(664)] nfds=0
[0607/184430:VERBOSE4:epoll_server.cc(391)] next_alarm_time = 13141305870110837 now             = 13141305870011197 timeout_in_us = 50000
[0607/184430:VERBOSE4:epoll_server.cc(407)] wait_time_in_us = 50000
[0607/184430:VERBOSE3:epoll_server.cc(664)] nfds=0
[0607/184430:VERBOSE4:epoll_server.cc(391)] next_alarm_time = 13141305870110837 now             = 13141305870062425 timeout_in_us = 50000
[0607/184430:VERBOSE4:epoll_server.cc(407)] wait_time_in_us = 48412
[0607/184430:VERBOSE3:epoll_server.cc(664)] nfds=0
[0607/184430:VERBOSE4:epoll_server.cc(391)] next_alarm_time = 13141305870110837 now             = 13141305870110629 timeout_in_us = 50000
[0607/184430:VERBOSE4:epoll_server.cc(407)] wait_time_in_us = 208
[0607/184430:VERBOSE3:epoll_server.cc(664)] nfds=0
[0607/184430:VERBOSE1:quic_packet_creator.cc(594)] Adding frame: type { STREAM_FRAME } stream_id { 1 } fin { 0 } offset { 0 } data { 0x0000:  4348 4c4f 0900 0000 5041 4400 9b04 0000  CHLO....PAD.....
0x0010:  534e 4900 a404 0000 5645 5200 a804 0000  SNI.....VER.....
0x0020:  4343 5300 b004 0000 4d53 5043 b404 0000  CCS.....MSPC....
0x0030:  4943 534c b804 0000 5343 4c53 bc04 0000  ICSL....SCLS....
0x0040:  4346 4357 c004 0000 5346 4357 c404 0000  CFCW....SFCW....
0x0050:  2d2d 2d2d 2d2d 2d2d 2d2d 2d2d 2d2d 2d2d  ----------------
0x0060:  2d2d 2d2d 2d2d 2d2d 2d2d 2d2d 2d2d 2d2d  ----------------
0x0070:  2d2d 2d2d 2d2d 2d2d 2d2d 2d2d 2d2d 2d2d  ----------------
0x0080:  2d2d 2d2d 2d2d 2d2d 2d2d 2d2d 2d2d 2d2d  ----------------
0x0090:  2d2d 2d2d 2d2d 2d2d 2d2d 2d2d 2d2d 2d2d  ----------------
0x00a0:  2d2d 2d2d 2d2d 2d2d 2d2d 2d2d 2d2d 2d2d  ----------------
0x00b0:  2d2d 2d2d 2d2d 2d2d 2d2d 2d2d 2d2d 2d2d  ----------------
0x00c0:  2d2d 2d2d 2d2d 2d2d 2d2d 2d2d 2d2d 2d2d  ----------------
0x00d0:  2d2d 2d2d 2d2d 2d2d 2d2d 2d2d 2d2d 2d2d  ----------------
0x00e0:  2d2d 2d2d 2d2d 2d2d 2d2d 2d2d 2d2d 2d2d  ----------------
0x00f0:  2d2d 2d2d 2d2d 2d2d 2d2d 2d2d 2d2d 2d2d  ----------------
0x0100:  2d2d 2d2d 2d2d 2d2d 2d2d 2d2d 2d2d 2d2d  ----------------
0x0110:  2d2d 2d2d 2d2d 2d2d 2d2d 2d2d 2d2d 2d2d  ----------------
0x0120:  2d2d 2d2d 2d2d 2d2d 2d2d 2d2d 2d2d 2d2d  ----------------
0x0130:  2d2d 2d2d 2d2d 2d2d 2d2d 2d2d 2d2d 2d2d  ----------------
0x0140:  2d2d 2d2d 2d2d 2d2d 2d2d 2d2d 2d2d 2d2d  ----------------
0x0150:  2d2d 2d2d 2d2d 2d2d 2d2d 2d2d 2d2d 2d2d  ----------------
0x0160:  2d2d 2d2d 2d2d 2d2d 2d2d 2d2d 2d2d 2d2d  ----------------
0x0170:  2d2d 2d2d 2d2d 2d2d 2d2d 2d2d 2d2d 2d2d  ----------------
0x0180:  2d2d 2d2d 2d2d 2d2d 2d2d 2d2d 2d2d 2d2d  ----------------
0x0190:  2d2d 2d2d 2d2d 2d2d 2d2d 2d2d 2d2d 2d2d  ----------------
0x01a0:  2d2d 2d2d 2d2d 2d2d 2d2d 2d2d 2d2d 2d2d  ----------------
0x01b0:  2d2d 2d2d 2d2d 2d2d 2d2d 2d2d 2d2d 2d2d  ----------------
0x01c0:  2d2d 2d2d 2d2d 2d2d 2d2d 2d2d 2d2d 2d2d  ----------------
0x01d0:  2d2d 2d2d 2d2d 2d2d 2d2d 2d2d 2d2d 2d2d  ----------------
0x01e0:  2d2d 2d2d 2d2d 2d2d 2d2d 2d2d 2d2d 2d2d  ----------------
0x01f0:  2d2d 2d2d 2d2d 2d2d 2d2d 2d2d 2d2d 2d2d  ----------------
0x0200:  2d2d 2d2d 2d2d 2d2d 2d2d 2d2d 2d2d 2d2d  ----------------
0x0210:  2d2d 2d2d 2d2d 2d2d 2d2d 2d2d 2d2d 2d2d  ----------------
0x0220:  2d2d 2d2d 2d2d 2d2d 2d2d 2d2d 2d2d 2d2d  ----------------
0x0230:  2d2d 2d2d 2d2d 2d2d 2d2d 2d2d 2d2d 2d2d  ----------------
0x0240:  2d2d 2d2d 2d2d 2d2d 2d2d 2d2d 2d2d 2d2d  ----------------
0x0250:  2d2d 2d2d 2d2d 2d2d 2d2d 2d2d 2d2d 2d2d  ----------------
0x0260:  2d2d 2d2d 2d2d 2d2d 2d2d 2d2d 2d2d 2d2d  ----------------
0x0270:  2d2d 2d2d 2d2d 2d2d 2d2d 2d2d 2d2d 2d2d  ----------------
0x0280:  2d2d 2d2d 2d2d 2d2d 2d2d 2d2d 2d2d 2d2d  ----------------
0x0290:  2d2d 2d2d 2d2d 2d2d 2d2d 2d2d 2d2d 2d2d  ----------------
0x02a0:  2d2d 2d2d 2d2d 2d2d 2d2d 2d2d 2d2d 2d2d  ----------------
0x02b0:  2d2d 2d2d 2d2d 2d2d 2d2d 2d2d 2d2d 2d2d  ----------------
0x02c0:  2d2d 2d2d 2d2d 2d2d 2d2d 2d2d 2d2d 2d2d  ----------------
0x02d0:  2d2d 2d2d 2d2d 2d2d 2d2d 2d2d 2d2d 2d2d  ----------------
0x02e0:  2d2d 2d2d 2d2d 2d2d 2d2d 2d2d 2d2d 2d2d  ----------------
0x02f0:  2d2d 2d2d 2d2d 2d2d 2d2d 2d2d 2d2d 2d2d  ----------------
0x0300:  2d2d 2d2d 2d2d 2d2d 2d2d 2d2d 2d2d 2d2d  ----------------
0x0310:  2d2d 2d2d 2d2d 2d2d 2d2d 2d2d 2d2d 2d2d  ----------------
0x0320:  2d2d 2d2d 2d2d 2d2d 2d2d 2d2d 2d2d 2d2d  ----------------
0x0330:  2d2d 2d2d 2d2d 2d2d 2d2d 2d2d 2d2d 2d2d  ----------------
0x0340:  2d2d 2d2d 2d2d 2d2d 2d2d 2d2d 2d2d 2d2d  ----------------
0x0350:  2d2d 2d2d 2d2d 2d2d 2d2d 2d2d 2d2d 2d2d  ----------------
0x0360:  2d2d 2d2d 2d2d 2d2d 2d2d 2d2d 2d2d 2d2d  ----------------
0x0370:  2d2d 2d2d 2d2d 2d2d 2d2d 2d2d 2d2d 2d2d  ----------------
0x0380:  2d2d 2d2d 2d2d 2d2d 2d2d 2d2d 2d2d 2d2d  ----------------
0x0390:  2d2d 2d2d 2d2d 2d2d 2d2d 2d2d 2d2d 2d2d  ----------------
0x03a0:  2d2d 2d2d 2d2d 2d2d 2d2d 2d2d 2d2d 2d2d  ----------------
0x03b0:  2d2d 2d2d 2d2d 2d2d 2d2d 2d2d 2d2d 2d2d  ----------------
0x03c0:  2d2d 2d2d 2d2d 2d2d 2d2d 2d2d 2d2d 2d2d  ----------------
0x03d0:  2d2d 2d2d 2d2d 2d2d 2d2d 2d2d 2d2d 2d2d  ----------------
0x03e0:  2d2d 2d2d 2d2d 2d2d 2d2d 2d2d 2d2d 2d2d  ----------------
0x03f0:  2d2d 2d2d 2d2d 2d2d 2d2d 2d2d 2d2d 2d2d  ----------------
0x0400:  2d2d 2d2d 2d2d 2d2d 2d2d 2d2d 2d2d 2d2d  ----------------
0x0410:  2d2d 2d2d 2d2d 2d2d 2d2d 2d2d 2d2d 2d2d  ----------------
0x0420:  2d2d 2d2d 2d2d 2d2d 2d2d 2d2d 2d2d 2d2d  ----------------
0x0430:  2d2d 2d2d 2d2d 2d2d 2d2d 2d2d 2d2d 2d2d  ----------------
0x0440:  2d2d 2d2d 2d2d 2d2d 2d2d 2d2d 2d2d 2d2d  ----------------
0x0450:  2d2d 2d2d 2d2d 2d2d 2d2d 2d2d 2d2d 2d2d  ----------------
0x0460:  2d2d 2d2d 2d2d 2d2d 2d2d 2d2d 2d2d 2d2d  ----------------
0x0470:  2d2d 2d2d 2d2d 2d2d 2d2d 2d2d 2d2d 2d2d  ----------------
0x0480:  2d2d 2d2d 2d2d 2d2d 2d2d 2d2d 2d2d 2d2d  ----------------
0x0490:  2d2d 2d2d 2d2d 2d2d 2d2d 2d2d 2d2d 2d2d  ----------------
0x04a0:  2d2d 2d2d 2d2d 2d2d 2d2d 2d2d 2d2d 2d2d  ----------------
0x04b0:  2d2d 2d2d 2d2d 2d2d 2d2d 2d2d 2d2d 2d2d  ----------------
0x04c0:  2d2d 2d2d 2d2d 2d2d 2d2d 2d2d 2d2d 2d2d  ----------------
0x04d0:  2d2d 2d2d 2d2d 2d2d 2d2d 2d2d 2d2d 2d2d  ----------------
0x04e0:  2d2d 2d2d 2d2d 2d2d 2d2d 2d31 3237 2e30  -----------127.0
0x04f0:  2e30 2e31 5130 3235 7b26 e9e7 e45c 71ff  .0.1Q025{&...\q.
0x0500:  6400 0000 5802 0000 0100 0000 0000 a000  d...X...........
0x0510:  0000 a000                                ....
 }

[0607/184430:VERBOSE1:quic_packet_creator.cc(594)] Adding frame: type { PADDING_FRAME } 
[0607/184430:VERBOSE1:quic_framer.cc(709)] Appending header: { connection_id: 11329148688709404647, connection_id_length:8, sequence_number_length:1, reset_flag: 0, version_flag: 1 version: , fec_flag: 0, entropy_flag: 0, entropy hash: 0, sequence_number: 2, is_in_fec_group:0, fec_group: 0}

[0607/184430:VERBOSE1:quic_framer.cc(769)] version = 25, tag = 'Q025'
[0607/184430:VERBOSE1:quic_connection.cc(1425)] Client: Retransmitting 1 as 2
[0607/184430:VERBOSE2:quic_sent_entropy_manager.cc(55)] Recorded sequence number 2 with entropy hash: 0
[0607/184430:VERBOSE1:quic_connection.cc(1540)] Client: Sending packet 2 : data bearing , encryption level: ENCRYPTION_NONE, encrypted length:1350
[0607/184430:VERBOSE2:quic_connection.cc(1550)] Client: packet(2): 
0x0000:  0de7 471b 3eb5 3839 9d51 3032 3502 b26f  ..G.>.89.Q025..o
0x0010:  a3e0 93c1 da73 f699 56d3 00a0 0114 0543  .....s..V......C
0x0020:  484c 4f09 0000 0050 4144 009b 0400 0053  HLO....PAD.....S
0x0030:  4e49 00a4 0400 0056 4552 00a8 0400 0043  NI.....VER.....C
0x0040:  4353 00b0 0400 004d 5350 43b4 0400 0049  CS.....MSPC....I
0x0050:  4353 4cb8 0400 0053 434c 53bc 0400 0043  CSL....SCLS....C
0x0060:  4643 57c0 0400 0053 4643 57c4 0400 002d  FCW....SFCW....-
0x0070:  2d2d 2d2d 2d2d 2d2d 2d2d 2d2d 2d2d 2d2d  ----------------
0x0080:  2d2d 2d2d 2d2d 2d2d 2d2d 2d2d 2d2d 2d2d  ----------------
0x0090:  2d2d 2d2d 2d2d 2d2d 2d2d 2d2d 2d2d 2d2d  ----------------
0x00a0:  2d2d 2d2d 2d2d 2d2d 2d2d 2d2d 2d2d 2d2d  ----------------
0x00b0:  2d2d 2d2d 2d2d 2d2d 2d2d 2d2d 2d2d 2d2d  ----------------
0x00c0:  2d2d 2d2d 2d2d 2d2d 2d2d 2d2d 2d2d 2d2d  ----------------
0x00d0:  2d2d 2d2d 2d2d 2d2d 2d2d 2d2d 2d2d 2d2d  ----------------
0x00e0:  2d2d 2d2d 2d2d 2d2d 2d2d 2d2d 2d2d 2d2d  ----------------
0x00f0:  2d2d 2d2d 2d2d 2d2d 2d2d 2d2d 2d2d 2d2d  ----------------
0x0100:  2d2d 2d2d 2d2d 2d2d 2d2d 2d2d 2d2d 2d2d  ----------------
0x0110:  2d2d 2d2d 2d2d 2d2d 2d2d 2d2d 2d2d 2d2d  ----------------
0x0120:  2d2d 2d2d 2d2d 2d2d 2d2d 2d2d 2d2d 2d2d  ----------------
0x0130:  2d2d 2d2d 2d2d 2d2d 2d2d 2d2d 2d2d 2d2d  ----------------
0x0140:  2d2d 2d2d 2d2d 2d2d 2d2d 2d2d 2d2d 2d2d  ----------------
0x0150:  2d2d 2d2d 2d2d 2d2d 2d2d 2d2d 2d2d 2d2d  ----------------
0x0160:  2d2d 2d2d 2d2d 2d2d 2d2d 2d2d 2d2d 2d2d  ----------------
0x0170:  2d2d 2d2d 2d2d 2d2d 2d2d 2d2d 2d2d 2d2d  ----------------
0x0180:  2d2d 2d2d 2d2d 2d2d 2d2d 2d2d 2d2d 2d2d  ----------------
0x0190:  2d2d 2d2d 2d2d 2d2d 2d2d 2d2d 2d2d 2d2d  ----------------
0x01a0:  2d2d 2d2d 2d2d 2d2d 2d2d 2d2d 2d2d 2d2d  ----------------
0x01b0:  2d2d 2d2d 2d2d 2d2d 2d2d 2d2d 2d2d 2d2d  ----------------
0x01c0:  2d2d 2d2d 2d2d 2d2d 2d2d 2d2d 2d2d 2d2d  ----------------
0x01d0:  2d2d 2d2d 2d2d 2d2d 2d2d 2d2d 2d2d 2d2d  ----------------
0x01e0:  2d2d 2d2d 2d2d 2d2d 2d2d 2d2d 2d2d 2d2d  ----------------
0x01f0:  2d2d 2d2d 2d2d 2d2d 2d2d 2d2d 2d2d 2d2d  ----------------
0x0200:  2d2d 2d2d 2d2d 2d2d 2d2d 2d2d 2d2d 2d2d  ----------------
0x0210:  2d2d 2d2d 2d2d 2d2d 2d2d 2d2d 2d2d 2d2d  ----------------
0x0220:  2d2d 2d2d 2d2d 2d2d 2d2d 2d2d 2d2d 2d2d  ----------------
0x0230:  2d2d 2d2d 2d2d 2d2d 2d2d 2d2d 2d2d 2d2d  ----------------
0x0240:  2d2d 2d2d 2d2d 2d2d 2d2d 2d2d 2d2d 2d2d  ----------------
0x0250:  2d2d 2d2d 2d2d 2d2d 2d2d 2d2d 2d2d 2d2d  ----------------
0x0260:  2d2d 2d2d 2d2d 2d2d 2d2d 2d2d 2d2d 2d2d  ----------------
0x0270:  2d2d 2d2d 2d2d 2d2d 2d2d 2d2d 2d2d 2d2d  ----------------
0x0280:  2d2d 2d2d 2d2d 2d2d 2d2d 2d2d 2d2d 2d2d  ----------------
0x0290:  2d2d 2d2d 2d2d 2d2d 2d2d 2d2d 2d2d 2d2d  ----------------
0x02a0:  2d2d 2d2d 2d2d 2d2d 2d2d 2d2d 2d2d 2d2d  ----------------
0x02b0:  2d2d 2d2d 2d2d 2d2d 2d2d 2d2d 2d2d 2d2d  ----------------
0x02c0:  2d2d 2d2d 2d2d 2d2d 2d2d 2d2d 2d2d 2d2d  ----------------
0x02d0:  2d2d 2d2d 2d2d 2d2d 2d2d 2d2d 2d2d 2d2d  ----------------
0x02e0:  2d2d 2d2d 2d2d 2d2d 2d2d 2d2d 2d2d 2d2d  ----------------
0x02f0:  2d2d 2d2d 2d2d 2d2d 2d2d 2d2d 2d2d 2d2d  ----------------
0x0300:  2d2d 2d2d 2d2d 2d2d 2d2d 2d2d 2d2d 2d2d  ----------------
0x0310:  2d2d 2d2d 2d2d 2d2d 2d2d 2d2d 2d2d 2d2d  ----------------
0x0320:  2d2d 2d2d 2d2d 2d2d 2d2d 2d2d 2d2d 2d2d  ----------------
0x0330:  2d2d 2d2d 2d2d 2d2d 2d2d 2d2d 2d2d 2d2d  ----------------
0x0340:  2d2d 2d2d 2d2d 2d2d 2d2d 2d2d 2d2d 2d2d  ----------------
0x0350:  2d2d 2d2d 2d2d 2d2d 2d2d 2d2d 2d2d 2d2d  ----------------
0x0360:  2d2d 2d2d 2d2d 2d2d 2d2d 2d2d 2d2d 2d2d  ----------------
0x0370:  2d2d 2d2d 2d2d 2d2d 2d2d 2d2d 2d2d 2d2d  ----------------
0x0380:  2d2d 2d2d 2d2d 2d2d 2d2d 2d2d 2d2d 2d2d  ----------------
0x0390:  2d2d 2d2d 2d2d 2d2d 2d2d 2d2d 2d2d 2d2d  ----------------
0x03a0:  2d2d 2d2d 2d2d 2d2d 2d2d 2d2d 2d2d 2d2d  ----------------
0x03b0:  2d2d 2d2d 2d2d 2d2d 2d2d 2d2d 2d2d 2d2d  ----------------
0x03c0:  2d2d 2d2d 2d2d 2d2d 2d2d 2d2d 2d2d 2d2d  ----------------
0x03d0:  2d2d 2d2d 2d2d 2d2d 2d2d 2d2d 2d2d 2d2d  ----------------
0x03e0:  2d2d 2d2d 2d2d 2d2d 2d2d 2d2d 2d2d 2d2d  ----------------
0x03f0:  2d2d 2d2d 2d2d 2d2d 2d2d 2d2d 2d2d 2d2d  ----------------
0x0400:  2d2d 2d2d 2d2d 2d2d 2d2d 2d2d 2d2d 2d2d  ----------------
0x0410:  2d2d 2d2d 2d2d 2d2d 2d2d 2d2d 2d2d 2d2d  ----------------
0x0420:  2d2d 2d2d 2d2d 2d2d 2d2d 2d2d 2d2d 2d2d  ----------------
0x0430:  2d2d 2d2d 2d2d 2d2d 2d2d 2d2d 2d2d 2d2d  ----------------
0x0440:  2d2d 2d2d 2d2d 2d2d 2d2d 2d2d 2d2d 2d2d  ----------------
0x0450:  2d2d 2d2d 2d2d 2d2d 2d2d 2d2d 2d2d 2d2d  ----------------
0x0460:  2d2d 2d2d 2d2d 2d2d 2d2d 2d2d 2d2d 2d2d  ----------------
0x0470:  2d2d 2d2d 2d2d 2d2d 2d2d 2d2d 2d2d 2d2d  ----------------
0x0480:  2d2d 2d2d 2d2d 2d2d 2d2d 2d2d 2d2d 2d2d  ----------------
0x0490:  2d2d 2d2d 2d2d 2d2d 2d2d 2d2d 2d2d 2d2d  ----------------
0x04a0:  2d2d 2d2d 2d2d 2d2d 2d2d 2d2d 2d2d 2d2d  ----------------
0x04b0:  2d2d 2d2d 2d2d 2d2d 2d2d 2d2d 2d2d 2d2d  ----------------
0x04c0:  2d2d 2d2d 2d2d 2d2d 2d2d 2d2d 2d2d 2d2d  ----------------
0x04d0:  2d2d 2d2d 2d2d 2d2d 2d2d 2d2d 2d2d 2d2d  ----------------
0x04e0:  2d2d 2d2d 2d2d 2d2d 2d2d 2d2d 2d2d 2d2d  ----------------
0x04f0:  2d2d 2d2d 2d2d 2d2d 2d2d 2d2d 2d2d 2d2d  ----------------
0x0500:  2d2d 2d2d 2d2d 2d2d 2d2d 3132 372e 302e  ----------127.0.
0x0510:  302e 3151 3032 357b 26e9 e7e4 5c71 ff64  0.1Q025{&...\q.d
0x0520:  0000 0058 0200 0001 0000 0000 00a0 0000  ...X............
0x0530:  00a0 0000 0000 0000 0000 0000 0000 0000  ................
0x0540:  0000 0000 0000                           ......

[0607/184430:VERBOSE1:quic_connection.cc(1592)] Client: time we began writing last sent packet: 13141305870114408
[0607/184430:VERBOSE4:epoll_server.cc(471)] RegisteringAlarm at : 13141305870411884
[0607/184430:VERBOSE4:quic_alarm.cc(43)] Update  alarm
[0607/184430:VERBOSE1:quic_connection.cc(2166)] Entering Batch Mode.
[0607/184430:VERBOSE1:quic_connection.cc(2185)] Leaving Batch Mode.
[0607/184430:VERBOSE4:epoll_server.cc(391)] next_alarm_time = 13141305870411884 now             = 13141305870114789 timeout_in_us = 50000
[0607/184430:VERBOSE4:epoll_server.cc(407)] wait_time_in_us = 50000
[0607/184430:VERBOSE3:epoll_server.cc(664)] nfds=1
[0607/184430:VERBOSE1:quic_connection.cc(2166)] Entering Batch Mode.
[0607/184430:VERBOSE1:quic_connection.cc(2185)] Leaving Batch Mode.
[0607/184430:VERBOSE4:epoll_server.cc(391)] next_alarm_time = 13141305870411884 now             = 13141305870114878 timeout_in_us = 50000
[0607/184430:VERBOSE4:epoll_server.cc(407)] wait_time_in_us = 50000
[0607/184430:VERBOSE3:epoll_server.cc(664)] nfds=0
[0607/184430:VERBOSE4:epoll_server.cc(391)] next_alarm_time = 13141305870411884 now             = 13141305870165883 timeout_in_us = 50000
[0607/184430:VERBOSE4:epoll_server.cc(407)] wait_time_in_us = 50000
[0607/184430:VERBOSE3:epoll_server.cc(664)] nfds=0
[0607/184430:VERBOSE4:epoll_server.cc(391)] next_alarm_time = 13141305870411884 now             = 13141305870216137 timeout_in_us = 50000
[0607/184430:VERBOSE4:epoll_server.cc(407)] wait_time_in_us = 50000
[0607/184430:VERBOSE3:epoll_server.cc(664)] nfds=0
[0607/184430:VERBOSE4:epoll_server.cc(391)] next_alarm_time = 13141305870411884 now             = 13141305870266334 timeout_in_us = 50000
[0607/184430:VERBOSE4:epoll_server.cc(407)] wait_time_in_us = 50000
[0607/184430:VERBOSE3:epoll_server.cc(664)] nfds=0
[0607/184430:VERBOSE4:epoll_server.cc(391)] next_alarm_time = 13141305870411884 now             = 13141305870317409 timeout_in_us = 50000
[0607/184430:VERBOSE4:epoll_server.cc(407)] wait_time_in_us = 50000
[0607/184430:VERBOSE3:epoll_server.cc(664)] nfds=0
[0607/184430:VERBOSE4:epoll_server.cc(391)] next_alarm_time = 13141305870411884 now             = 13141305870367595 timeout_in_us = 50000
[0607/184430:VERBOSE4:epoll_server.cc(407)] wait_time_in_us = 44289
[0607/184430:VERBOSE3:epoll_server.cc(664)] nfds=0
[0607/184430:VERBOSE4:epoll_server.cc(391)] next_alarm_time = 13141305870411884 now             = 13141305870411842 timeout_in_us = 50000
[0607/184430:VERBOSE4:epoll_server.cc(407)] wait_time_in_us = 42
[0607/184430:VERBOSE3:epoll_server.cc(664)] nfds=0
[0607/184430:VERBOSE1:quic_packet_creator.cc(594)] Adding frame: type { STREAM_FRAME } stream_id { 1 } fin { 0 } offset { 0 } data { 0x0000:  4348 4c4f 0900 0000 5041 4400 9b04 0000  CHLO....PAD.....
0x0010:  534e 4900 a404 0000 5645 5200 a804 0000  SNI.....VER.....
0x0020:  4343 5300 b004 0000 4d53 5043 b404 0000  CCS.....MSPC....
0x0030:  4943 534c b804 0000 5343 4c53 bc04 0000  ICSL....SCLS....
0x0040:  4346 4357 c004 0000 5346 4357 c404 0000  CFCW....SFCW....
0x0050:  2d2d 2d2d 2d2d 2d2d 2d2d 2d2d 2d2d 2d2d  ----------------
0x0060:  2d2d 2d2d 2d2d 2d2d 2d2d 2d2d 2d2d 2d2d  ----------------
0x0070:  2d2d 2d2d 2d2d 2d2d 2d2d 2d2d 2d2d 2d2d  ----------------
0x0080:  2d2d 2d2d 2d2d 2d2d 2d2d 2d2d 2d2d 2d2d  ----------------
0x0090:  2d2d 2d2d 2d2d 2d2d 2d2d 2d2d 2d2d 2d2d  ----------------
0x00a0:  2d2d 2d2d 2d2d 2d2d 2d2d 2d2d 2d2d 2d2d  ----------------
0x00b0:  2d2d 2d2d 2d2d 2d2d 2d2d 2d2d 2d2d 2d2d  ----------------
0x00c0:  2d2d 2d2d 2d2d 2d2d 2d2d 2d2d 2d2d 2d2d  ----------------
0x00d0:  2d2d 2d2d 2d2d 2d2d 2d2d 2d2d 2d2d 2d2d  ----------------
0x00e0:  2d2d 2d2d 2d2d 2d2d 2d2d 2d2d 2d2d 2d2d  ----------------
0x00f0:  2d2d 2d2d 2d2d 2d2d 2d2d 2d2d 2d2d 2d2d  ----------------
0x0100:  2d2d 2d2d 2d2d 2d2d 2d2d 2d2d 2d2d 2d2d  ----------------
0x0110:  2d2d 2d2d 2d2d 2d2d 2d2d 2d2d 2d2d 2d2d  ----------------
0x0120:  2d2d 2d2d 2d2d 2d2d 2d2d 2d2d 2d2d 2d2d  ----------------
0x0130:  2d2d 2d2d 2d2d 2d2d 2d2d 2d2d 2d2d 2d2d  ----------------
0x0140:  2d2d 2d2d 2d2d 2d2d 2d2d 2d2d 2d2d 2d2d  ----------------
0x0150:  2d2d 2d2d 2d2d 2d2d 2d2d 2d2d 2d2d 2d2d  ----------------
0x0160:  2d2d 2d2d 2d2d 2d2d 2d2d 2d2d 2d2d 2d2d  ----------------
0x0170:  2d2d 2d2d 2d2d 2d2d 2d2d 2d2d 2d2d 2d2d  ----------------
0x0180:  2d2d 2d2d 2d2d 2d2d 2d2d 2d2d 2d2d 2d2d  ----------------
0x0190:  2d2d 2d2d 2d2d 2d2d 2d2d 2d2d 2d2d 2d2d  ----------------
0x01a0:  2d2d 2d2d 2d2d 2d2d 2d2d 2d2d 2d2d 2d2d  ----------------
0x01b0:  2d2d 2d2d 2d2d 2d2d 2d2d 2d2d 2d2d 2d2d  ----------------
0x01c0:  2d2d 2d2d 2d2d 2d2d 2d2d 2d2d 2d2d 2d2d  ----------------
0x01d0:  2d2d 2d2d 2d2d 2d2d 2d2d 2d2d 2d2d 2d2d  ----------------
0x01e0:  2d2d 2d2d 2d2d 2d2d 2d2d 2d2d 2d2d 2d2d  ----------------
0x01f0:  2d2d 2d2d 2d2d 2d2d 2d2d 2d2d 2d2d 2d2d  ----------------
0x0200:  2d2d 2d2d 2d2d 2d2d 2d2d 2d2d 2d2d 2d2d  ----------------
0x0210:  2d2d 2d2d 2d2d 2d2d 2d2d 2d2d 2d2d 2d2d  ----------------
0x0220:  2d2d 2d2d 2d2d 2d2d 2d2d 2d2d 2d2d 2d2d  ----------------
0x0230:  2d2d 2d2d 2d2d 2d2d 2d2d 2d2d 2d2d 2d2d  ----------------
0x0240:  2d2d 2d2d 2d2d 2d2d 2d2d 2d2d 2d2d 2d2d  ----------------
0x0250:  2d2d 2d2d 2d2d 2d2d 2d2d 2d2d 2d2d 2d2d  ----------------
0x0260:  2d2d 2d2d 2d2d 2d2d 2d2d 2d2d 2d2d 2d2d  ----------------
0x0270:  2d2d 2d2d 2d2d 2d2d 2d2d 2d2d 2d2d 2d2d  ----------------
0x0280:  2d2d 2d2d 2d2d 2d2d 2d2d 2d2d 2d2d 2d2d  ----------------
0x0290:  2d2d 2d2d 2d2d 2d2d 2d2d 2d2d 2d2d 2d2d  ----------------
0x02a0:  2d2d 2d2d 2d2d 2d2d 2d2d 2d2d 2d2d 2d2d  ----------------
0x02b0:  2d2d 2d2d 2d2d 2d2d 2d2d 2d2d 2d2d 2d2d  ----------------
0x02c0:  2d2d 2d2d 2d2d 2d2d 2d2d 2d2d 2d2d 2d2d  ----------------
0x02d0:  2d2d 2d2d 2d2d 2d2d 2d2d 2d2d 2d2d 2d2d  ----------------
0x02e0:  2d2d 2d2d 2d2d 2d2d 2d2d 2d2d 2d2d 2d2d  ----------------
0x02f0:  2d2d 2d2d 2d2d 2d2d 2d2d 2d2d 2d2d 2d2d  ----------------
0x0300:  2d2d 2d2d 2d2d 2d2d 2d2d 2d2d 2d2d 2d2d  ----------------
0x0310:  2d2d 2d2d 2d2d 2d2d 2d2d 2d2d 2d2d 2d2d  ----------------
0x0320:  2d2d 2d2d 2d2d 2d2d 2d2d 2d2d 2d2d 2d2d  ----------------
0x0330:  2d2d 2d2d 2d2d 2d2d 2d2d 2d2d 2d2d 2d2d  ----------------
0x0340:  2d2d 2d2d 2d2d 2d2d 2d2d 2d2d 2d2d 2d2d  ----------------
0x0350:  2d2d 2d2d 2d2d 2d2d 2d2d 2d2d 2d2d 2d2d  ----------------
0x0360:  2d2d 2d2d 2d2d 2d2d 2d2d 2d2d 2d2d 2d2d  ----------------
0x0370:  2d2d 2d2d 2d2d 2d2d 2d2d 2d2d 2d2d 2d2d  ----------------
0x0380:  2d2d 2d2d 2d2d 2d2d 2d2d 2d2d 2d2d 2d2d  ----------------
0x0390:  2d2d 2d2d 2d2d 2d2d 2d2d 2d2d 2d2d 2d2d  ----------------
0x03a0:  2d2d 2d2d 2d2d 2d2d 2d2d 2d2d 2d2d 2d2d  ----------------
0x03b0:  2d2d 2d2d 2d2d 2d2d 2d2d 2d2d 2d2d 2d2d  ----------------
0x03c0:  2d2d 2d2d 2d2d 2d2d 2d2d 2d2d 2d2d 2d2d  ----------------
0x03d0:  2d2d 2d2d 2d2d 2d2d 2d2d 2d2d 2d2d 2d2d  ----------------
0x03e0:  2d2d 2d2d 2d2d 2d2d 2d2d 2d2d 2d2d 2d2d  ----------------
0x03f0:  2d2d 2d2d 2d2d 2d2d 2d2d 2d2d 2d2d 2d2d  ----------------
0x0400:  2d2d 2d2d 2d2d 2d2d 2d2d 2d2d 2d2d 2d2d  ----------------
0x0410:  2d2d 2d2d 2d2d 2d2d 2d2d 2d2d 2d2d 2d2d  ----------------
0x0420:  2d2d 2d2d 2d2d 2d2d 2d2d 2d2d 2d2d 2d2d  ----------------
0x0430:  2d2d 2d2d 2d2d 2d2d 2d2d 2d2d 2d2d 2d2d  ----------------
0x0440:  2d2d 2d2d 2d2d 2d2d 2d2d 2d2d 2d2d 2d2d  ----------------
0x0450:  2d2d 2d2d 2d2d 2d2d 2d2d 2d2d 2d2d 2d2d  ----------------
0x0460:  2d2d 2d2d 2d2d 2d2d 2d2d 2d2d 2d2d 2d2d  ----------------
0x0470:  2d2d 2d2d 2d2d 2d2d 2d2d 2d2d 2d2d 2d2d  ----------------
0x0480:  2d2d 2d2d 2d2d 2d2d 2d2d 2d2d 2d2d 2d2d  ----------------
0x0490:  2d2d 2d2d 2d2d 2d2d 2d2d 2d2d 2d2d 2d2d  ----------------
0x04a0:  2d2d 2d2d 2d2d 2d2d 2d2d 2d2d 2d2d 2d2d  ----------------
0x04b0:  2d2d 2d2d 2d2d 2d2d 2d2d 2d2d 2d2d 2d2d  ----------------
0x04c0:  2d2d 2d2d 2d2d 2d2d 2d2d 2d2d 2d2d 2d2d  ----------------
0x04d0:  2d2d 2d2d 2d2d 2d2d 2d2d 2d2d 2d2d 2d2d  ----------------
0x04e0:  2d2d 2d2d 2d2d 2d2d 2d2d 2d31 3237 2e30  -----------127.0
0x04f0:  2e30 2e31 5130 3235 7b26 e9e7 e45c 71ff  .0.1Q025{&...\q.
0x0500:  6400 0000 5802 0000 0100 0000 0000 a000  d...X...........
0x0510:  0000 a000                                ....
 }

[0607/184430:VERBOSE1:quic_packet_creator.cc(594)] Adding frame: type { PADDING_FRAME } 
[0607/184430:VERBOSE1:quic_framer.cc(709)] Appending header: { connection_id: 11329148688709404647, connection_id_length:8, sequence_number_length:1, reset_flag: 0, version_flag: 1 version: , fec_flag: 0, entropy_flag: 1, entropy hash: 0, sequence_number: 3, is_in_fec_group:0, fec_group: 0}

[0607/184430:VERBOSE1:quic_framer.cc(769)] version = 25, tag = 'Q025'
[0607/184430:VERBOSE1:quic_connection.cc(1425)] Client: Retransmitting 2 as 3
[0607/184430:VERBOSE2:quic_sent_entropy_manager.cc(55)] Recorded sequence number 3 with entropy hash: 8
[0607/184430:VERBOSE1:quic_connection.cc(1540)] Client: Sending packet 3 : data bearing , encryption level: ENCRYPTION_NONE, encrypted length:1350
[0607/184430:VERBOSE2:quic_connection.cc(1550)] Client: packet(3): 
0x0000:  0de7 471b 3eb5 3839 9d51 3032 3503 2497  ..G.>.89.Q025.$.
0x0010:  47b7 eb99 0a29 f5ec b8eb 01a0 0114 0543  G....).........C
0x0020:  484c 4f09 0000 0050 4144 009b 0400 0053  HLO....PAD.....S
0x0030:  4e49 00a4 0400 0056 4552 00a8 0400 0043  NI.....VER.....C
0x0040:  4353 00b0 0400 004d 5350 43b4 0400 0049  CS.....MSPC....I
0x0050:  4353 4cb8 0400 0053 434c 53bc 0400 0043  CSL....SCLS....C
0x0060:  4643 57c0 0400 0053 4643 57c4 0400 002d  FCW....SFCW....-
0x0070:  2d2d 2d2d 2d2d 2d2d 2d2d 2d2d 2d2d 2d2d  ----------------
0x0080:  2d2d 2d2d 2d2d 2d2d 2d2d 2d2d 2d2d 2d2d  ----------------
0x0090:  2d2d 2d2d 2d2d 2d2d 2d2d 2d2d 2d2d 2d2d  ----------------
0x00a0:  2d2d 2d2d 2d2d 2d2d 2d2d 2d2d 2d2d 2d2d  ----------------
0x00b0:  2d2d 2d2d 2d2d 2d2d 2d2d 2d2d 2d2d 2d2d  ----------------
0x00c0:  2d2d 2d2d 2d2d 2d2d 2d2d 2d2d 2d2d 2d2d  ----------------
0x00d0:  2d2d 2d2d 2d2d 2d2d 2d2d 2d2d 2d2d 2d2d  ----------------
0x00e0:  2d2d 2d2d 2d2d 2d2d 2d2d 2d2d 2d2d 2d2d  ----------------
0x00f0:  2d2d 2d2d 2d2d 2d2d 2d2d 2d2d 2d2d 2d2d  ----------------
0x0100:  2d2d 2d2d 2d2d 2d2d 2d2d 2d2d 2d2d 2d2d  ----------------
0x0110:  2d2d 2d2d 2d2d 2d2d 2d2d 2d2d 2d2d 2d2d  ----------------
0x0120:  2d2d 2d2d 2d2d 2d2d 2d2d 2d2d 2d2d 2d2d  ----------------
0x0130:  2d2d 2d2d 2d2d 2d2d 2d2d 2d2d 2d2d 2d2d  ----------------
0x0140:  2d2d 2d2d 2d2d 2d2d 2d2d 2d2d 2d2d 2d2d  ----------------
0x0150:  2d2d 2d2d 2d2d 2d2d 2d2d 2d2d 2d2d 2d2d  ----------------
0x0160:  2d2d 2d2d 2d2d 2d2d 2d2d 2d2d 2d2d 2d2d  ----------------
0x0170:  2d2d 2d2d 2d2d 2d2d 2d2d 2d2d 2d2d 2d2d  ----------------
0x0180:  2d2d 2d2d 2d2d 2d2d 2d2d 2d2d 2d2d 2d2d  ----------------
0x0190:  2d2d 2d2d 2d2d 2d2d 2d2d 2d2d 2d2d 2d2d  ----------------
0x01a0:  2d2d 2d2d 2d2d 2d2d 2d2d 2d2d 2d2d 2d2d  ----------------
0x01b0:  2d2d 2d2d 2d2d 2d2d 2d2d 2d2d 2d2d 2d2d  ----------------
0x01c0:  2d2d 2d2d 2d2d 2d2d 2d2d 2d2d 2d2d 2d2d  ----------------
0x01d0:  2d2d 2d2d 2d2d 2d2d 2d2d 2d2d 2d2d 2d2d  ----------------
0x01e0:  2d2d 2d2d 2d2d 2d2d 2d2d 2d2d 2d2d 2d2d  ----------------
0x01f0:  2d2d 2d2d 2d2d 2d2d 2d2d 2d2d 2d2d 2d2d  ----------------
0x0200:  2d2d 2d2d 2d2d 2d2d 2d2d 2d2d 2d2d 2d2d  ----------------
0x0210:  2d2d 2d2d 2d2d 2d2d 2d2d 2d2d 2d2d 2d2d  ----------------
0x0220:  2d2d 2d2d 2d2d 2d2d 2d2d 2d2d 2d2d 2d2d  ----------------
0x0230:  2d2d 2d2d 2d2d 2d2d 2d2d 2d2d 2d2d 2d2d  ----------------
0x0240:  2d2d 2d2d 2d2d 2d2d 2d2d 2d2d 2d2d 2d2d  ----------------
0x0250:  2d2d 2d2d 2d2d 2d2d 2d2d 2d2d 2d2d 2d2d  ----------------
0x0260:  2d2d 2d2d 2d2d 2d2d 2d2d 2d2d 2d2d 2d2d  ----------------
0x0270:  2d2d 2d2d 2d2d 2d2d 2d2d 2d2d 2d2d 2d2d  ----------------
0x0280:  2d2d 2d2d 2d2d 2d2d 2d2d 2d2d 2d2d 2d2d  ----------------
0x0290:  2d2d 2d2d 2d2d 2d2d 2d2d 2d2d 2d2d 2d2d  ----------------
0x02a0:  2d2d 2d2d 2d2d 2d2d 2d2d 2d2d 2d2d 2d2d  ----------------
0x02b0:  2d2d 2d2d 2d2d 2d2d 2d2d 2d2d 2d2d 2d2d  ----------------
0x02c0:  2d2d 2d2d 2d2d 2d2d 2d2d 2d2d 2d2d 2d2d  ----------------
0x02d0:  2d2d 2d2d 2d2d 2d2d 2d2d 2d2d 2d2d 2d2d  ----------------
0x02e0:  2d2d 2d2d 2d2d 2d2d 2d2d 2d2d 2d2d 2d2d  ----------------
0x02f0:  2d2d 2d2d 2d2d 2d2d 2d2d 2d2d 2d2d 2d2d  ----------------
0x0300:  2d2d 2d2d 2d2d 2d2d 2d2d 2d2d 2d2d 2d2d  ----------------
0x0310:  2d2d 2d2d 2d2d 2d2d 2d2d 2d2d 2d2d 2d2d  ----------------
0x0320:  2d2d 2d2d 2d2d 2d2d 2d2d 2d2d 2d2d 2d2d  ----------------
0x0330:  2d2d 2d2d 2d2d 2d2d 2d2d 2d2d 2d2d 2d2d  ----------------
0x0340:  2d2d 2d2d 2d2d 2d2d 2d2d 2d2d 2d2d 2d2d  ----------------
0x0350:  2d2d 2d2d 2d2d 2d2d 2d2d 2d2d 2d2d 2d2d  ----------------
0x0360:  2d2d 2d2d 2d2d 2d2d 2d2d 2d2d 2d2d 2d2d  ----------------
0x0370:  2d2d 2d2d 2d2d 2d2d 2d2d 2d2d 2d2d 2d2d  ----------------
0x0380:  2d2d 2d2d 2d2d 2d2d 2d2d 2d2d 2d2d 2d2d  ----------------
0x0390:  2d2d 2d2d 2d2d 2d2d 2d2d 2d2d 2d2d 2d2d  ----------------
0x03a0:  2d2d 2d2d 2d2d 2d2d 2d2d 2d2d 2d2d 2d2d  ----------------
0x03b0:  2d2d 2d2d 2d2d 2d2d 2d2d 2d2d 2d2d 2d2d  ----------------
0x03c0:  2d2d 2d2d 2d2d 2d2d 2d2d 2d2d 2d2d 2d2d  ----------------
0x03d0:  2d2d 2d2d 2d2d 2d2d 2d2d 2d2d 2d2d 2d2d  ----------------
0x03e0:  2d2d 2d2d 2d2d 2d2d 2d2d 2d2d 2d2d 2d2d  ----------------
0x03f0:  2d2d 2d2d 2d2d 2d2d 2d2d 2d2d 2d2d 2d2d  ----------------
0x0400:  2d2d 2d2d 2d2d 2d2d 2d2d 2d2d 2d2d 2d2d  ----------------
0x0410:  2d2d 2d2d 2d2d 2d2d 2d2d 2d2d 2d2d 2d2d  ----------------
0x0420:  2d2d 2d2d 2d2d 2d2d 2d2d 2d2d 2d2d 2d2d  ----------------
0x0430:  2d2d 2d2d 2d2d 2d2d 2d2d 2d2d 2d2d 2d2d  ----------------
0x0440:  2d2d 2d2d 2d2d 2d2d 2d2d 2d2d 2d2d 2d2d  ----------------
0x0450:  2d2d 2d2d 2d2d 2d2d 2d2d 2d2d 2d2d 2d2d  ----------------
0x0460:  2d2d 2d2d 2d2d 2d2d 2d2d 2d2d 2d2d 2d2d  ----------------
0x0470:  2d2d 2d2d 2d2d 2d2d 2d2d 2d2d 2d2d 2d2d  ----------------
0x0480:  2d2d 2d2d 2d2d 2d2d 2d2d 2d2d 2d2d 2d2d  ----------------
0x0490:  2d2d 2d2d 2d2d 2d2d 2d2d 2d2d 2d2d 2d2d  ----------------
0x04a0:  2d2d 2d2d 2d2d 2d2d 2d2d 2d2d 2d2d 2d2d  ----------------
0x04b0:  2d2d 2d2d 2d2d 2d2d 2d2d 2d2d 2d2d 2d2d  ----------------
0x04c0:  2d2d 2d2d 2d2d 2d2d 2d2d 2d2d 2d2d 2d2d  ----------------
0x04d0:  2d2d 2d2d 2d2d 2d2d 2d2d 2d2d 2d2d 2d2d  ----------------
0x04e0:  2d2d 2d2d 2d2d 2d2d 2d2d 2d2d 2d2d 2d2d  ----------------
0x04f0:  2d2d 2d2d 2d2d 2d2d 2d2d 2d2d 2d2d 2d2d  ----------------
0x0500:  2d2d 2d2d 2d2d 2d2d 2d2d 3132 372e 302e  ----------127.0.
0x0510:  302e 3151 3032 357b 26e9 e7e4 5c71 ff64  0.1Q025{&...\q.d
0x0520:  0000 0058 0200 0001 0000 0000 00a0 0000  ...X............
0x0530:  00a0 0000 0000 0000 0000 0000 0000 0000  ................
0x0540:  0000 0000 0000                           ......

[0607/184430:VERBOSE1:quic_connection.cc(1592)] Client: time we began writing last sent packet: 13141305870415985
[0607/184430:VERBOSE4:epoll_server.cc(471)] RegisteringAlarm at : 13141305871013130
[0607/184430:VERBOSE4:quic_alarm.cc(43)] Update  alarm
[0607/184430:VERBOSE1:quic_connection.cc(2166)] Entering Batch Mode.
[0607/184430:VERBOSE1:quic_connection.cc(2185)] Leaving Batch Mode.
[0607/184430:VERBOSE4:epoll_server.cc(391)] next_alarm_time = 13141305871013130 now             = 13141305870416279 timeout_in_us = 50000
[0607/184430:VERBOSE4:epoll_server.cc(407)] wait_time_in_us = 50000
[0607/184430:VERBOSE3:epoll_server.cc(664)] nfds=1
[0607/184430:VERBOSE1:quic_connection.cc(2166)] Entering Batch Mode.
[0607/184430:VERBOSE1:quic_connection.cc(2185)] Leaving Batch Mode.
[0607/184430:VERBOSE4:epoll_server.cc(391)] next_alarm_time = 13141305871013130 now             = 13141305870416367 timeout_in_us = 50000
[0607/184430:VERBOSE4:epoll_server.cc(407)] wait_time_in_us = 50000
[0607/184430:VERBOSE3:epoll_server.cc(664)] nfds=0
[0607/184430:VERBOSE4:epoll_server.cc(391)] next_alarm_time = 13141305871013130 now             = 13141305870466550 timeout_in_us = 50000
[0607/184430:VERBOSE4:epoll_server.cc(407)] wait_time_in_us = 50000
[0607/184430:VERBOSE3:epoll_server.cc(664)] nfds=0
[0607/184430:VERBOSE4:epoll_server.cc(391)] next_alarm_time = 13141305871013130 now             = 13141305870517421 timeout_in_us = 50000
[0607/184430:VERBOSE4:epoll_server.cc(407)] wait_time_in_us = 50000
[0607/184430:VERBOSE3:epoll_server.cc(664)] nfds=0
[0607/184430:VERBOSE4:epoll_server.cc(391)] next_alarm_time = 13141305871013130 now             = 13141305870567659 timeout_in_us = 50000
[0607/184430:VERBOSE4:epoll_server.cc(407)] wait_time_in_us = 50000
[0607/184430:VERBOSE3:epoll_server.cc(664)] nfds=0
[0607/184430:VERBOSE4:epoll_server.cc(391)] next_alarm_time = 13141305871013130 now             = 13141305870617858 timeout_in_us = 50000
[0607/184430:VERBOSE4:epoll_server.cc(407)] wait_time_in_us = 50000
[0607/184430:VERBOSE3:epoll_server.cc(664)] nfds=0
[0607/184430:VERBOSE4:epoll_server.cc(391)] next_alarm_time = 13141305871013130 now             = 13141305870668966 timeout_in_us = 50000
[0607/184430:VERBOSE4:epoll_server.cc(407)] wait_time_in_us = 50000
[0607/184430:VERBOSE3:epoll_server.cc(664)] nfds=0
[0607/184430:VERBOSE4:epoll_server.cc(391)] next_alarm_time = 13141305871013130 now             = 13141305870719179 timeout_in_us = 50000
[0607/184430:VERBOSE4:epoll_server.cc(407)] wait_time_in_us = 50000
[0607/184430:VERBOSE3:epoll_server.cc(664)] nfds=0
[0607/184430:VERBOSE4:epoll_server.cc(391)] next_alarm_time = 13141305871013130 now             = 13141305870769412 timeout_in_us = 50000
[0607/184430:VERBOSE4:epoll_server.cc(407)] wait_time_in_us = 50000
[0607/184430:VERBOSE3:epoll_server.cc(664)] nfds=0
[0607/184430:VERBOSE4:epoll_server.cc(391)] next_alarm_time = 13141305871013130 now             = 13141305870820373 timeout_in_us = 50000
[0607/184430:VERBOSE4:epoll_server.cc(407)] wait_time_in_us = 50000
[0607/184430:VERBOSE3:epoll_server.cc(664)] nfds=0
[0607/184430:VERBOSE4:epoll_server.cc(391)] next_alarm_time = 13141305871013130 now             = 13141305870870577 timeout_in_us = 50000
[0607/184430:VERBOSE4:epoll_server.cc(407)] wait_time_in_us = 50000
[0607/184430:VERBOSE3:epoll_server.cc(664)] nfds=0
[0607/184430:VERBOSE4:epoll_server.cc(391)] next_alarm_time = 13141305871013130 now             = 13141305870920783 timeout_in_us = 50000
[0607/184430:VERBOSE4:epoll_server.cc(407)] wait_time_in_us = 50000
[0607/184430:VERBOSE3:epoll_server.cc(664)] nfds=0
[0607/184430:VERBOSE4:epoll_server.cc(391)] next_alarm_time = 13141305871013130 now             = 13141305870970980 timeout_in_us = 50000
[0607/184430:VERBOSE4:epoll_server.cc(407)] wait_time_in_us = 42150
[0607/184431:VERBOSE3:epoll_server.cc(664)] nfds=0
[0607/184431:VERBOSE1:quic_packet_creator.cc(594)] Adding frame: type { STREAM_FRAME } stream_id { 1 } fin { 0 } offset { 0 } data { 0x0000:  4348 4c4f 0900 0000 5041 4400 9b04 0000  CHLO....PAD.....
0x0010:  534e 4900 a404 0000 5645 5200 a804 0000  SNI.....VER.....
0x0020:  4343 5300 b004 0000 4d53 5043 b404 0000  CCS.....MSPC....
0x0030:  4943 534c b804 0000 5343 4c53 bc04 0000  ICSL....SCLS....
0x0040:  4346 4357 c004 0000 5346 4357 c404 0000  CFCW....SFCW....
0x0050:  2d2d 2d2d 2d2d 2d2d 2d2d 2d2d 2d2d 2d2d  ----------------
0x0060:  2d2d 2d2d 2d2d 2d2d 2d2d 2d2d 2d2d 2d2d  ----------------
0x0070:  2d2d 2d2d 2d2d 2d2d 2d2d 2d2d 2d2d 2d2d  ----------------
0x0080:  2d2d 2d2d 2d2d 2d2d 2d2d 2d2d 2d2d 2d2d  ----------------
0x0090:  2d2d 2d2d 2d2d 2d2d 2d2d 2d2d 2d2d 2d2d  ----------------
0x00a0:  2d2d 2d2d 2d2d 2d2d 2d2d 2d2d 2d2d 2d2d  ----------------
0x00b0:  2d2d 2d2d 2d2d 2d2d 2d2d 2d2d 2d2d 2d2d  ----------------
0x00c0:  2d2d 2d2d 2d2d 2d2d 2d2d 2d2d 2d2d 2d2d  ----------------
0x00d0:  2d2d 2d2d 2d2d 2d2d 2d2d 2d2d 2d2d 2d2d  ----------------
0x00e0:  2d2d 2d2d 2d2d 2d2d 2d2d 2d2d 2d2d 2d2d  ----------------
0x00f0:  2d2d 2d2d 2d2d 2d2d 2d2d 2d2d 2d2d 2d2d  ----------------
0x0100:  2d2d 2d2d 2d2d 2d2d 2d2d 2d2d 2d2d 2d2d  ----------------
0x0110:  2d2d 2d2d 2d2d 2d2d 2d2d 2d2d 2d2d 2d2d  ----------------
0x0120:  2d2d 2d2d 2d2d 2d2d 2d2d 2d2d 2d2d 2d2d  ----------------
0x0130:  2d2d 2d2d 2d2d 2d2d 2d2d 2d2d 2d2d 2d2d  ----------------
0x0140:  2d2d 2d2d 2d2d 2d2d 2d2d 2d2d 2d2d 2d2d  ----------------
0x0150:  2d2d 2d2d 2d2d 2d2d 2d2d 2d2d 2d2d 2d2d  ----------------
0x0160:  2d2d 2d2d 2d2d 2d2d 2d2d 2d2d 2d2d 2d2d  ----------------
0x0170:  2d2d 2d2d 2d2d 2d2d 2d2d 2d2d 2d2d 2d2d  ----------------
0x0180:  2d2d 2d2d 2d2d 2d2d 2d2d 2d2d 2d2d 2d2d  ----------------
0x0190:  2d2d 2d2d 2d2d 2d2d 2d2d 2d2d 2d2d 2d2d  ----------------
0x01a0:  2d2d 2d2d 2d2d 2d2d 2d2d 2d2d 2d2d 2d2d  ----------------
0x01b0:  2d2d 2d2d 2d2d 2d2d 2d2d 2d2d 2d2d 2d2d  ----------------
0x01c0:  2d2d 2d2d 2d2d 2d2d 2d2d 2d2d 2d2d 2d2d  ----------------
0x01d0:  2d2d 2d2d 2d2d 2d2d 2d2d 2d2d 2d2d 2d2d  ----------------
0x01e0:  2d2d 2d2d 2d2d 2d2d 2d2d 2d2d 2d2d 2d2d  ----------------
0x01f0:  2d2d 2d2d 2d2d 2d2d 2d2d 2d2d 2d2d 2d2d  ----------------
0x0200:  2d2d 2d2d 2d2d 2d2d 2d2d 2d2d 2d2d 2d2d  ----------------
0x0210:  2d2d 2d2d 2d2d 2d2d 2d2d 2d2d 2d2d 2d2d  ----------------
0x0220:  2d2d 2d2d 2d2d 2d2d 2d2d 2d2d 2d2d 2d2d  ----------------
0x0230:  2d2d 2d2d 2d2d 2d2d 2d2d 2d2d 2d2d 2d2d  ----------------
0x0240:  2d2d 2d2d 2d2d 2d2d 2d2d 2d2d 2d2d 2d2d  ----------------
0x0250:  2d2d 2d2d 2d2d 2d2d 2d2d 2d2d 2d2d 2d2d  ----------------
0x0260:  2d2d 2d2d 2d2d 2d2d 2d2d 2d2d 2d2d 2d2d  ----------------
0x0270:  2d2d 2d2d 2d2d 2d2d 2d2d 2d2d 2d2d 2d2d  ----------------
0x0280:  2d2d 2d2d 2d2d 2d2d 2d2d 2d2d 2d2d 2d2d  ----------------
0x0290:  2d2d 2d2d 2d2d 2d2d 2d2d 2d2d 2d2d 2d2d  ----------------
0x02a0:  2d2d 2d2d 2d2d 2d2d 2d2d 2d2d 2d2d 2d2d  ----------------
0x02b0:  2d2d 2d2d 2d2d 2d2d 2d2d 2d2d 2d2d 2d2d  ----------------
0x02c0:  2d2d 2d2d 2d2d 2d2d 2d2d 2d2d 2d2d 2d2d  ----------------
0x02d0:  2d2d 2d2d 2d2d 2d2d 2d2d 2d2d 2d2d 2d2d  ----------------
0x02e0:  2d2d 2d2d 2d2d 2d2d 2d2d 2d2d 2d2d 2d2d  ----------------
0x02f0:  2d2d 2d2d 2d2d 2d2d 2d2d 2d2d 2d2d 2d2d  ----------------
0x0300:  2d2d 2d2d 2d2d 2d2d 2d2d 2d2d 2d2d 2d2d  ----------------
0x0310:  2d2d 2d2d 2d2d 2d2d 2d2d 2d2d 2d2d 2d2d  ----------------
0x0320:  2d2d 2d2d 2d2d 2d2d 2d2d 2d2d 2d2d 2d2d  ----------------
0x0330:  2d2d 2d2d 2d2d 2d2d 2d2d 2d2d 2d2d 2d2d  ----------------
0x0340:  2d2d 2d2d 2d2d 2d2d 2d2d 2d2d 2d2d 2d2d  ----------------
0x0350:  2d2d 2d2d 2d2d 2d2d 2d2d 2d2d 2d2d 2d2d  ----------------
0x0360:  2d2d 2d2d 2d2d 2d2d 2d2d 2d2d 2d2d 2d2d  ----------------
0x0370:  2d2d 2d2d 2d2d 2d2d 2d2d 2d2d 2d2d 2d2d  ----------------
0x0380:  2d2d 2d2d 2d2d 2d2d 2d2d 2d2d 2d2d 2d2d  ----------------
0x0390:  2d2d 2d2d 2d2d 2d2d 2d2d 2d2d 2d2d 2d2d  ----------------
0x03a0:  2d2d 2d2d 2d2d 2d2d 2d2d 2d2d 2d2d 2d2d  ----------------
0x03b0:  2d2d 2d2d 2d2d 2d2d 2d2d 2d2d 2d2d 2d2d  ----------------
0x03c0:  2d2d 2d2d 2d2d 2d2d 2d2d 2d2d 2d2d 2d2d  ----------------
0x03d0:  2d2d 2d2d 2d2d 2d2d 2d2d 2d2d 2d2d 2d2d  ----------------
0x03e0:  2d2d 2d2d 2d2d 2d2d 2d2d 2d2d 2d2d 2d2d  ----------------
0x03f0:  2d2d 2d2d 2d2d 2d2d 2d2d 2d2d 2d2d 2d2d  ----------------
0x0400:  2d2d 2d2d 2d2d 2d2d 2d2d 2d2d 2d2d 2d2d  ----------------
0x0410:  2d2d 2d2d 2d2d 2d2d 2d2d 2d2d 2d2d 2d2d  ----------------
0x0420:  2d2d 2d2d 2d2d 2d2d 2d2d 2d2d 2d2d 2d2d  ----------------
0x0430:  2d2d 2d2d 2d2d 2d2d 2d2d 2d2d 2d2d 2d2d  ----------------
0x0440:  2d2d 2d2d 2d2d 2d2d 2d2d 2d2d 2d2d 2d2d  ----------------
0x0450:  2d2d 2d2d 2d2d 2d2d 2d2d 2d2d 2d2d 2d2d  ----------------
0x0460:  2d2d 2d2d 2d2d 2d2d 2d2d 2d2d 2d2d 2d2d  ----------------
0x0470:  2d2d 2d2d 2d2d 2d2d 2d2d 2d2d 2d2d 2d2d  ----------------
0x0480:  2d2d 2d2d 2d2d 2d2d 2d2d 2d2d 2d2d 2d2d  ----------------
0x0490:  2d2d 2d2d 2d2d 2d2d 2d2d 2d2d 2d2d 2d2d  ----------------
0x04a0:  2d2d 2d2d 2d2d 2d2d 2d2d 2d2d 2d2d 2d2d  ----------------
0x04b0:  2d2d 2d2d 2d2d 2d2d 2d2d 2d2d 2d2d 2d2d  ----------------
0x04c0:  2d2d 2d2d 2d2d 2d2d 2d2d 2d2d 2d2d 2d2d  ----------------
0x04d0:  2d2d 2d2d 2d2d 2d2d 2d2d 2d2d 2d2d 2d2d  ----------------
0x04e0:  2d2d 2d2d 2d2d 2d2d 2d2d 2d31 3237 2e30  -----------127.0
0x04f0:  2e30 2e31 5130 3235 7b26 e9e7 e45c 71ff  .0.1Q025{&...\q.
0x0500:  6400 0000 5802 0000 0100 0000 0000 a000  d...X...........
0x0510:  0000 a000                                ....
 }

[0607/184431:VERBOSE1:quic_packet_creator.cc(594)] Adding frame: type { PADDING_FRAME } 
[0607/184431:VERBOSE1:quic_framer.cc(709)] Appending header: { connection_id: 11329148688709404647, connection_id_length:8, sequence_number_length:1, reset_flag: 0, version_flag: 1 version: , fec_flag: 0, entropy_flag: 0, entropy hash: 0, sequence_number: 4, is_in_fec_group:0, fec_group: 0}

[0607/184431:VERBOSE1:quic_framer.cc(769)] version = 25, tag = 'Q025'
[0607/184431:VERBOSE1:quic_connection.cc(1425)] Client: Retransmitting 3 as 4
[0607/184431:VERBOSE2:quic_sent_entropy_manager.cc(55)] Recorded sequence number 4 with entropy hash: 0
[0607/184431:VERBOSE1:quic_connection.cc(1540)] Client: Sending packet 4 : data bearing , encryption level: ENCRYPTION_NONE, encrypted length:1350
[0607/184431:VERBOSE2:quic_connection.cc(1550)] Client: packet(4): 
0x0000:  0de7 471b 3eb5 3839 9d51 3032 3504 8833  ..G.>.89.Q025..3
0x0010:  032e a86e d662 019e f24f 00a0 0114 0543  ...n.b...O.....C
0x0020:  484c 4f09 0000 0050 4144 009b 0400 0053  HLO....PAD.....S
0x0030:  4e49 00a4 0400 0056 4552 00a8 0400 0043  NI.....VER.....C
0x0040:  4353 00b0 0400 004d 5350 43b4 0400 0049  CS.....MSPC....I
0x0050:  4353 4cb8 0400 0053 434c 53bc 0400 0043  CSL....SCLS....C
0x0060:  4643 57c0 0400 0053 4643 57c4 0400 002d  FCW....SFCW....-
0x0070:  2d2d 2d2d 2d2d 2d2d 2d2d 2d2d 2d2d 2d2d  ----------------
0x0080:  2d2d 2d2d 2d2d 2d2d 2d2d 2d2d 2d2d 2d2d  ----------------
0x0090:  2d2d 2d2d 2d2d 2d2d 2d2d 2d2d 2d2d 2d2d  ----------------
0x00a0:  2d2d 2d2d 2d2d 2d2d 2d2d 2d2d 2d2d 2d2d  ----------------
0x00b0:  2d2d 2d2d 2d2d 2d2d 2d2d 2d2d 2d2d 2d2d  ----------------
0x00c0:  2d2d 2d2d 2d2d 2d2d 2d2d 2d2d 2d2d 2d2d  ----------------
0x00d0:  2d2d 2d2d 2d2d 2d2d 2d2d 2d2d 2d2d 2d2d  ----------------
0x00e0:  2d2d 2d2d 2d2d 2d2d 2d2d 2d2d 2d2d 2d2d  ----------------
0x00f0:  2d2d 2d2d 2d2d 2d2d 2d2d 2d2d 2d2d 2d2d  ----------------
0x0100:  2d2d 2d2d 2d2d 2d2d 2d2d 2d2d 2d2d 2d2d  ----------------
0x0110:  2d2d 2d2d 2d2d 2d2d 2d2d 2d2d 2d2d 2d2d  ----------------
0x0120:  2d2d 2d2d 2d2d 2d2d 2d2d 2d2d 2d2d 2d2d  ----------------
0x0130:  2d2d 2d2d 2d2d 2d2d 2d2d 2d2d 2d2d 2d2d  ----------------
0x0140:  2d2d 2d2d 2d2d 2d2d 2d2d 2d2d 2d2d 2d2d  ----------------
0x0150:  2d2d 2d2d 2d2d 2d2d 2d2d 2d2d 2d2d 2d2d  ----------------
0x0160:  2d2d 2d2d 2d2d 2d2d 2d2d 2d2d 2d2d 2d2d  ----------------
0x0170:  2d2d 2d2d 2d2d 2d2d 2d2d 2d2d 2d2d 2d2d  ----------------
0x0180:  2d2d 2d2d 2d2d 2d2d 2d2d 2d2d 2d2d 2d2d  ----------------
0x0190:  2d2d 2d2d 2d2d 2d2d 2d2d 2d2d 2d2d 2d2d  ----------------
0x01a0:  2d2d 2d2d 2d2d 2d2d 2d2d 2d2d 2d2d 2d2d  ----------------
0x01b0:  2d2d 2d2d 2d2d 2d2d 2d2d 2d2d 2d2d 2d2d  ----------------
0x01c0:  2d2d 2d2d 2d2d 2d2d 2d2d 2d2d 2d2d 2d2d  ----------------
0x01d0:  2d2d 2d2d 2d2d 2d2d 2d2d 2d2d 2d2d 2d2d  ----------------
0x01e0:  2d2d 2d2d 2d2d 2d2d 2d2d 2d2d 2d2d 2d2d  ----------------
0x01f0:  2d2d 2d2d 2d2d 2d2d 2d2d 2d2d 2d2d 2d2d  ----------------
0x0200:  2d2d 2d2d 2d2d 2d2d 2d2d 2d2d 2d2d 2d2d  ----------------
0x0210:  2d2d 2d2d 2d2d 2d2d 2d2d 2d2d 2d2d 2d2d  ----------------
0x0220:  2d2d 2d2d 2d2d 2d2d 2d2d 2d2d 2d2d 2d2d  ----------------
0x0230:  2d2d 2d2d 2d2d 2d2d 2d2d 2d2d 2d2d 2d2d  ----------------
0x0240:  2d2d 2d2d 2d2d 2d2d 2d2d 2d2d 2d2d 2d2d  ----------------
0x0250:  2d2d 2d2d 2d2d 2d2d 2d2d 2d2d 2d2d 2d2d  ----------------
0x0260:  2d2d 2d2d 2d2d 2d2d 2d2d 2d2d 2d2d 2d2d  ----------------
0x0270:  2d2d 2d2d 2d2d 2d2d 2d2d 2d2d 2d2d 2d2d  ----------------
0x0280:  2d2d 2d2d 2d2d 2d2d 2d2d 2d2d 2d2d 2d2d  ----------------
0x0290:  2d2d 2d2d 2d2d 2d2d 2d2d 2d2d 2d2d 2d2d  ----------------
0x02a0:  2d2d 2d2d 2d2d 2d2d 2d2d 2d2d 2d2d 2d2d  ----------------
0x02b0:  2d2d 2d2d 2d2d 2d2d 2d2d 2d2d 2d2d 2d2d  ----------------
0x02c0:  2d2d 2d2d 2d2d 2d2d 2d2d 2d2d 2d2d 2d2d  ----------------
0x02d0:  2d2d 2d2d 2d2d 2d2d 2d2d 2d2d 2d2d 2d2d  ----------------
0x02e0:  2d2d 2d2d 2d2d 2d2d 2d2d 2d2d 2d2d 2d2d  ----------------
0x02f0:  2d2d 2d2d 2d2d 2d2d 2d2d 2d2d 2d2d 2d2d  ----------------
0x0300:  2d2d 2d2d 2d2d 2d2d 2d2d 2d2d 2d2d 2d2d  ----------------
0x0310:  2d2d 2d2d 2d2d 2d2d 2d2d 2d2d 2d2d 2d2d  ----------------
0x0320:  2d2d 2d2d 2d2d 2d2d 2d2d 2d2d 2d2d 2d2d  ----------------
0x0330:  2d2d 2d2d 2d2d 2d2d 2d2d 2d2d 2d2d 2d2d  ----------------
0x0340:  2d2d 2d2d 2d2d 2d2d 2d2d 2d2d 2d2d 2d2d  ----------------
0x0350:  2d2d 2d2d 2d2d 2d2d 2d2d 2d2d 2d2d 2d2d  ----------------
0x0360:  2d2d 2d2d 2d2d 2d2d 2d2d 2d2d 2d2d 2d2d  ----------------
0x0370:  2d2d 2d2d 2d2d 2d2d 2d2d 2d2d 2d2d 2d2d  ----------------
0x0380:  2d2d 2d2d 2d2d 2d2d 2d2d 2d2d 2d2d 2d2d  ----------------
0x0390:  2d2d 2d2d 2d2d 2d2d 2d2d 2d2d 2d2d 2d2d  ----------------
0x03a0:  2d2d 2d2d 2d2d 2d2d 2d2d 2d2d 2d2d 2d2d  ----------------
0x03b0:  2d2d 2d2d 2d2d 2d2d 2d2d 2d2d 2d2d 2d2d  ----------------
0x03c0:  2d2d 2d2d 2d2d 2d2d 2d2d 2d2d 2d2d 2d2d  ----------------
0x03d0:  2d2d 2d2d 2d2d 2d2d 2d2d 2d2d 2d2d 2d2d  ----------------
0x03e0:  2d2d 2d2d 2d2d 2d2d 2d2d 2d2d 2d2d 2d2d  ----------------
0x03f0:  2d2d 2d2d 2d2d 2d2d 2d2d 2d2d 2d2d 2d2d  ----------------
0x0400:  2d2d 2d2d 2d2d 2d2d 2d2d 2d2d 2d2d 2d2d  ----------------
0x0410:  2d2d 2d2d 2d2d 2d2d 2d2d 2d2d 2d2d 2d2d  ----------------
0x0420:  2d2d 2d2d 2d2d 2d2d 2d2d 2d2d 2d2d 2d2d  ----------------
0x0430:  2d2d 2d2d 2d2d 2d2d 2d2d 2d2d 2d2d 2d2d  ----------------
0x0440:  2d2d 2d2d 2d2d 2d2d 2d2d 2d2d 2d2d 2d2d  ----------------
0x0450:  2d2d 2d2d 2d2d 2d2d 2d2d 2d2d 2d2d 2d2d  ----------------
0x0460:  2d2d 2d2d 2d2d 2d2d 2d2d 2d2d 2d2d 2d2d  ----------------
0x0470:  2d2d 2d2d 2d2d 2d2d 2d2d 2d2d 2d2d 2d2d  ----------------
0x0480:  2d2d 2d2d 2d2d 2d2d 2d2d 2d2d 2d2d 2d2d  ----------------
0x0490:  2d2d 2d2d 2d2d 2d2d 2d2d 2d2d 2d2d 2d2d  ----------------
0x04a0:  2d2d 2d2d 2d2d 2d2d 2d2d 2d2d 2d2d 2d2d  ----------------
0x04b0:  2d2d 2d2d 2d2d 2d2d 2d2d 2d2d 2d2d 2d2d  ----------------
0x04c0:  2d2d 2d2d 2d2d 2d2d 2d2d 2d2d 2d2d 2d2d  ----------------
0x04d0:  2d2d 2d2d 2d2d 2d2d 2d2d 2d2d 2d2d 2d2d  ----------------
0x04e0:  2d2d 2d2d 2d2d 2d2d 2d2d 2d2d 2d2d 2d2d  ----------------
0x04f0:  2d2d 2d2d 2d2d 2d2d 2d2d 2d2d 2d2d 2d2d  ----------------
0x0500:  2d2d 2d2d 2d2d 2d2d 2d2d 3132 372e 302e  ----------127.0.
0x0510:  302e 3151 3032 357b 26e9 e7e4 5c71 ff64  0.1Q025{&...\q.d
0x0520:  0000 0058 0200 0001 0000 0000 00a0 0000  ...X............
0x0530:  00a0 0000 0000 0000 0000 0000 0000 0000  ................
0x0540:  0000 0000 0000                           ......

[0607/184431:VERBOSE1:quic_connection.cc(1592)] Client: time we began writing last sent packet: 13141305871016495
[0607/184431:VERBOSE4:epoll_server.cc(471)] RegisteringAlarm at : 13141305872213976
[0607/184431:VERBOSE4:quic_alarm.cc(43)] Update  alarm
[0607/184431:VERBOSE1:quic_connection.cc(2166)] Entering Batch Mode.
[0607/184431:VERBOSE1:quic_connection.cc(2185)] Leaving Batch Mode.
[0607/184431:VERBOSE4:epoll_server.cc(391)] next_alarm_time = 13141305872213976 now             = 13141305871016762 timeout_in_us = 50000
[0607/184431:VERBOSE4:epoll_server.cc(407)] wait_time_in_us = 50000
[0607/184431:VERBOSE3:epoll_server.cc(664)] nfds=1
[0607/184431:VERBOSE1:quic_connection.cc(2166)] Entering Batch Mode.
[0607/184431:VERBOSE1:quic_connection.cc(2185)] Leaving Batch Mode.
[0607/184431:VERBOSE4:epoll_server.cc(391)] next_alarm_time = 13141305872213976 now             = 13141305871016850 timeout_in_us = 50000
[0607/184431:VERBOSE4:epoll_server.cc(407)] wait_time_in_us = 50000
[0607/184431:VERBOSE3:epoll_server.cc(664)] nfds=0
[0607/184431:VERBOSE4:epoll_server.cc(391)] next_alarm_time = 13141305872213976 now             = 13141305871067073 timeout_in_us = 50000
[0607/184431:VERBOSE4:epoll_server.cc(407)] wait_time_in_us = 50000
[0607/184431:VERBOSE3:epoll_server.cc(664)] nfds=0
[0607/184431:VERBOSE4:epoll_server.cc(391)] next_alarm_time = 13141305872213976 now             = 13141305871117320 timeout_in_us = 50000
[0607/184431:VERBOSE4:epoll_server.cc(407)] wait_time_in_us = 50000
[0607/184431:VERBOSE3:epoll_server.cc(664)] nfds=0
[0607/184431:VERBOSE4:epoll_server.cc(391)] next_alarm_time = 13141305872213976 now             = 13141305871167560 timeout_in_us = 50000
[0607/184431:VERBOSE4:epoll_server.cc(407)] wait_time_in_us = 50000
[0607/184431:VERBOSE3:epoll_server.cc(664)] nfds=0
[0607/184431:VERBOSE4:epoll_server.cc(391)] next_alarm_time = 13141305872213976 now             = 13141305871218548 timeout_in_us = 50000
[0607/184431:VERBOSE4:epoll_server.cc(407)] wait_time_in_us = 50000
[0607/184431:VERBOSE3:epoll_server.cc(664)] nfds=0
[0607/184431:VERBOSE4:epoll_server.cc(391)] next_alarm_time = 13141305872213976 now             = 13141305871268813 timeout_in_us = 50000
[0607/184431:VERBOSE4:epoll_server.cc(407)] wait_time_in_us = 50000
[0607/184431:VERBOSE3:epoll_server.cc(664)] nfds=0
[0607/184431:VERBOSE4:epoll_server.cc(391)] next_alarm_time = 13141305872213976 now             = 13141305871319069 timeout_in_us = 50000
[0607/184431:VERBOSE4:epoll_server.cc(407)] wait_time_in_us = 50000
[0607/184431:VERBOSE3:epoll_server.cc(664)] nfds=0
[0607/184431:VERBOSE4:epoll_server.cc(391)] next_alarm_time = 13141305872213976 now             = 13141305871370039 timeout_in_us = 50000
[0607/184431:VERBOSE4:epoll_server.cc(407)] wait_time_in_us = 50000
[0607/184431:VERBOSE3:epoll_server.cc(664)] nfds=0
[0607/184431:VERBOSE4:epoll_server.cc(391)] next_alarm_time = 13141305872213976 now             = 13141305871420221 timeout_in_us = 50000
[0607/184431:VERBOSE4:epoll_server.cc(407)] wait_time_in_us = 50000
[0607/184431:VERBOSE3:epoll_server.cc(664)] nfds=0
[0607/184431:VERBOSE4:epoll_server.cc(391)] next_alarm_time = 13141305872213976 now             = 13141305871470408 timeout_in_us = 50000
[0607/184431:VERBOSE4:epoll_server.cc(407)] wait_time_in_us = 50000
[0607/184431:VERBOSE3:epoll_server.cc(664)] nfds=0
[0607/184431:VERBOSE4:epoll_server.cc(391)] next_alarm_time = 13141305872213976 now             = 13141305871520673 timeout_in_us = 50000
[0607/184431:VERBOSE4:epoll_server.cc(407)] wait_time_in_us = 50000
[0607/184431:VERBOSE3:epoll_server.cc(664)] nfds=0
[0607/184431:VERBOSE4:epoll_server.cc(391)] next_alarm_time = 13141305872213976 now             = 13141305871570998 timeout_in_us = 50000
[0607/184431:VERBOSE4:epoll_server.cc(407)] wait_time_in_us = 50000
[0607/184431:VERBOSE3:epoll_server.cc(664)] nfds=0
[0607/184431:VERBOSE4:epoll_server.cc(391)] next_alarm_time = 13141305872213976 now             = 13141305871621174 timeout_in_us = 50000
[0607/184431:VERBOSE4:epoll_server.cc(407)] wait_time_in_us = 50000
[0607/184431:VERBOSE3:epoll_server.cc(664)] nfds=0
[0607/184431:VERBOSE4:epoll_server.cc(391)] next_alarm_time = 13141305872213976 now             = 13141305871671450 timeout_in_us = 50000
[0607/184431:VERBOSE4:epoll_server.cc(407)] wait_time_in_us = 50000
[0607/184431:VERBOSE3:epoll_server.cc(664)] nfds=0
[0607/184431:VERBOSE4:epoll_server.cc(391)] next_alarm_time = 13141305872213976 now             = 13141305871722559 timeout_in_us = 50000
[0607/184431:VERBOSE4:epoll_server.cc(407)] wait_time_in_us = 50000
[0607/184431:VERBOSE3:epoll_server.cc(664)] nfds=0
[0607/184431:VERBOSE4:epoll_server.cc(391)] next_alarm_time = 13141305872213976 now             = 13141305871772886 timeout_in_us = 50000
[0607/184431:VERBOSE4:epoll_server.cc(407)] wait_time_in_us = 50000
[0607/184431:VERBOSE3:epoll_server.cc(664)] nfds=0
[0607/184431:VERBOSE4:epoll_server.cc(391)] next_alarm_time = 13141305872213976 now             = 13141305871823127 timeout_in_us = 50000
[0607/184431:VERBOSE4:epoll_server.cc(407)] wait_time_in_us = 50000
[0607/184431:VERBOSE3:epoll_server.cc(664)] nfds=0
[0607/184431:VERBOSE4:epoll_server.cc(391)] next_alarm_time = 13141305872213976 now             = 13141305871873392 timeout_in_us = 50000
[0607/184431:VERBOSE4:epoll_server.cc(407)] wait_time_in_us = 50000
[0607/184431:VERBOSE3:epoll_server.cc(664)] nfds=0
[0607/184431:VERBOSE4:epoll_server.cc(391)] next_alarm_time = 13141305872213976 now             = 13141305871924528 timeout_in_us = 50000
[0607/184431:VERBOSE4:epoll_server.cc(407)] wait_time_in_us = 50000
[0607/184431:VERBOSE3:epoll_server.cc(664)] nfds=0
[0607/184431:VERBOSE4:epoll_server.cc(391)] next_alarm_time = 13141305872213976 now             = 13141305871974774 timeout_in_us = 50000
[0607/184431:VERBOSE4:epoll_server.cc(407)] wait_time_in_us = 50000
[0607/184432:VERBOSE3:epoll_server.cc(664)] nfds=0
[0607/184432:VERBOSE4:epoll_server.cc(391)] next_alarm_time = 13141305872213976 now             = 13141305872024967 timeout_in_us = 50000
[0607/184432:VERBOSE4:epoll_server.cc(407)] wait_time_in_us = 50000
[0607/184432:VERBOSE3:epoll_server.cc(664)] nfds=0
[0607/184432:VERBOSE4:epoll_server.cc(391)] next_alarm_time = 13141305872213976 now             = 13141305872076163 timeout_in_us = 50000
[0607/184432:VERBOSE4:epoll_server.cc(407)] wait_time_in_us = 50000
[0607/184432:VERBOSE3:epoll_server.cc(664)] nfds=0
[0607/184432:VERBOSE4:epoll_server.cc(391)] next_alarm_time = 13141305872213976 now             = 13141305872126339 timeout_in_us = 50000
[0607/184432:VERBOSE4:epoll_server.cc(407)] wait_time_in_us = 50000
[0607/184432:VERBOSE3:epoll_server.cc(664)] nfds=0
[0607/184432:VERBOSE4:epoll_server.cc(391)] next_alarm_time = 13141305872213976 now             = 13141305872176540 timeout_in_us = 50000
[0607/184432:VERBOSE4:epoll_server.cc(407)] wait_time_in_us = 37436
[0607/184432:VERBOSE3:epoll_server.cc(664)] nfds=0
[0607/184432:VERBOSE1:quic_packet_creator.cc(594)] Adding frame: type { STREAM_FRAME } stream_id { 1 } fin { 0 } offset { 0 } data { 0x0000:  4348 4c4f 0900 0000 5041 4400 9b04 0000  CHLO....PAD.....
0x0010:  534e 4900 a404 0000 5645 5200 a804 0000  SNI.....VER.....
0x0020:  4343 5300 b004 0000 4d53 5043 b404 0000  CCS.....MSPC....
0x0030:  4943 534c b804 0000 5343 4c53 bc04 0000  ICSL....SCLS....
0x0040:  4346 4357 c004 0000 5346 4357 c404 0000  CFCW....SFCW....
0x0050:  2d2d 2d2d 2d2d 2d2d 2d2d 2d2d 2d2d 2d2d  ----------------
0x0060:  2d2d 2d2d 2d2d 2d2d 2d2d 2d2d 2d2d 2d2d  ----------------
0x0070:  2d2d 2d2d 2d2d 2d2d 2d2d 2d2d 2d2d 2d2d  ----------------
0x0080:  2d2d 2d2d 2d2d 2d2d 2d2d 2d2d 2d2d 2d2d  ----------------
0x0090:  2d2d 2d2d 2d2d 2d2d 2d2d 2d2d 2d2d 2d2d  ----------------
0x00a0:  2d2d 2d2d 2d2d 2d2d 2d2d 2d2d 2d2d 2d2d  ----------------
0x00b0:  2d2d 2d2d 2d2d 2d2d 2d2d 2d2d 2d2d 2d2d  ----------------
0x00c0:  2d2d 2d2d 2d2d 2d2d 2d2d 2d2d 2d2d 2d2d  ----------------
0x00d0:  2d2d 2d2d 2d2d 2d2d 2d2d 2d2d 2d2d 2d2d  ----------------
0x00e0:  2d2d 2d2d 2d2d 2d2d 2d2d 2d2d 2d2d 2d2d  ----------------
0x00f0:  2d2d 2d2d 2d2d 2d2d 2d2d 2d2d 2d2d 2d2d  ----------------
0x0100:  2d2d 2d2d 2d2d 2d2d 2d2d 2d2d 2d2d 2d2d  ----------------
0x0110:  2d2d 2d2d 2d2d 2d2d 2d2d 2d2d 2d2d 2d2d  ----------------
0x0120:  2d2d 2d2d 2d2d 2d2d 2d2d 2d2d 2d2d 2d2d  ----------------
0x0130:  2d2d 2d2d 2d2d 2d2d 2d2d 2d2d 2d2d 2d2d  ----------------
0x0140:  2d2d 2d2d 2d2d 2d2d 2d2d 2d2d 2d2d 2d2d  ----------------
0x0150:  2d2d 2d2d 2d2d 2d2d 2d2d 2d2d 2d2d 2d2d  ----------------
0x0160:  2d2d 2d2d 2d2d 2d2d 2d2d 2d2d 2d2d 2d2d  ----------------
0x0170:  2d2d 2d2d 2d2d 2d2d 2d2d 2d2d 2d2d 2d2d  ----------------
0x0180:  2d2d 2d2d 2d2d 2d2d 2d2d 2d2d 2d2d 2d2d  ----------------
0x0190:  2d2d 2d2d 2d2d 2d2d 2d2d 2d2d 2d2d 2d2d  ----------------
0x01a0:  2d2d 2d2d 2d2d 2d2d 2d2d 2d2d 2d2d 2d2d  ----------------
0x01b0:  2d2d 2d2d 2d2d 2d2d 2d2d 2d2d 2d2d 2d2d  ----------------
0x01c0:  2d2d 2d2d 2d2d 2d2d 2d2d 2d2d 2d2d 2d2d  ----------------
0x01d0:  2d2d 2d2d 2d2d 2d2d 2d2d 2d2d 2d2d 2d2d  ----------------
0x01e0:  2d2d 2d2d 2d2d 2d2d 2d2d 2d2d 2d2d 2d2d  ----------------
0x01f0:  2d2d 2d2d 2d2d 2d2d 2d2d 2d2d 2d2d 2d2d  ----------------
0x0200:  2d2d 2d2d 2d2d 2d2d 2d2d 2d2d 2d2d 2d2d  ----------------
0x0210:  2d2d 2d2d 2d2d 2d2d 2d2d 2d2d 2d2d 2d2d  ----------------
0x0220:  2d2d 2d2d 2d2d 2d2d 2d2d 2d2d 2d2d 2d2d  ----------------
0x0230:  2d2d 2d2d 2d2d 2d2d 2d2d 2d2d 2d2d 2d2d  ----------------
0x0240:  2d2d 2d2d 2d2d 2d2d 2d2d 2d2d 2d2d 2d2d  ----------------
0x0250:  2d2d 2d2d 2d2d 2d2d 2d2d 2d2d 2d2d 2d2d  ----------------
0x0260:  2d2d 2d2d 2d2d 2d2d 2d2d 2d2d 2d2d 2d2d  ----------------
0x0270:  2d2d 2d2d 2d2d 2d2d 2d2d 2d2d 2d2d 2d2d  ----------------
0x0280:  2d2d 2d2d 2d2d 2d2d 2d2d 2d2d 2d2d 2d2d  ----------------
0x0290:  2d2d 2d2d 2d2d 2d2d 2d2d 2d2d 2d2d 2d2d  ----------------
0x02a0:  2d2d 2d2d 2d2d 2d2d 2d2d 2d2d 2d2d 2d2d  ----------------
0x02b0:  2d2d 2d2d 2d2d 2d2d 2d2d 2d2d 2d2d 2d2d  ----------------
0x02c0:  2d2d 2d2d 2d2d 2d2d 2d2d 2d2d 2d2d 2d2d  ----------------
0x02d0:  2d2d 2d2d 2d2d 2d2d 2d2d 2d2d 2d2d 2d2d  ----------------
0x02e0:  2d2d 2d2d 2d2d 2d2d 2d2d 2d2d 2d2d 2d2d  ----------------
0x02f0:  2d2d 2d2d 2d2d 2d2d 2d2d 2d2d 2d2d 2d2d  ----------------
0x0300:  2d2d 2d2d 2d2d 2d2d 2d2d 2d2d 2d2d 2d2d  ----------------
0x0310:  2d2d 2d2d 2d2d 2d2d 2d2d 2d2d 2d2d 2d2d  ----------------
0x0320:  2d2d 2d2d 2d2d 2d2d 2d2d 2d2d 2d2d 2d2d  ----------------
0x0330:  2d2d 2d2d 2d2d 2d2d 2d2d 2d2d 2d2d 2d2d  ----------------
0x0340:  2d2d 2d2d 2d2d 2d2d 2d2d 2d2d 2d2d 2d2d  ----------------
0x0350:  2d2d 2d2d 2d2d 2d2d 2d2d 2d2d 2d2d 2d2d  ----------------
0x0360:  2d2d 2d2d 2d2d 2d2d 2d2d 2d2d 2d2d 2d2d  ----------------
0x0370:  2d2d 2d2d 2d2d 2d2d 2d2d 2d2d 2d2d 2d2d  ----------------
0x0380:  2d2d 2d2d 2d2d 2d2d 2d2d 2d2d 2d2d 2d2d  ----------------
0x0390:  2d2d 2d2d 2d2d 2d2d 2d2d 2d2d 2d2d 2d2d  ----------------
0x03a0:  2d2d 2d2d 2d2d 2d2d 2d2d 2d2d 2d2d 2d2d  ----------------
0x03b0:  2d2d 2d2d 2d2d 2d2d 2d2d 2d2d 2d2d 2d2d  ----------------
0x03c0:  2d2d 2d2d 2d2d 2d2d 2d2d 2d2d 2d2d 2d2d  ----------------
0x03d0:  2d2d 2d2d 2d2d 2d2d 2d2d 2d2d 2d2d 2d2d  ----------------
0x03e0:  2d2d 2d2d 2d2d 2d2d 2d2d 2d2d 2d2d 2d2d  ----------------
0x03f0:  2d2d 2d2d 2d2d 2d2d 2d2d 2d2d 2d2d 2d2d  ----------------
0x0400:  2d2d 2d2d 2d2d 2d2d 2d2d 2d2d 2d2d 2d2d  ----------------
0x0410:  2d2d 2d2d 2d2d 2d2d 2d2d 2d2d 2d2d 2d2d  ----------------
0x0420:  2d2d 2d2d 2d2d 2d2d 2d2d 2d2d 2d2d 2d2d  ----------------
0x0430:  2d2d 2d2d 2d2d 2d2d 2d2d 2d2d 2d2d 2d2d  ----------------
0x0440:  2d2d 2d2d 2d2d 2d2d 2d2d 2d2d 2d2d 2d2d  ----------------
0x0450:  2d2d 2d2d 2d2d 2d2d 2d2d 2d2d 2d2d 2d2d  ----------------
0x0460:  2d2d 2d2d 2d2d 2d2d 2d2d 2d2d 2d2d 2d2d  ----------------
0x0470:  2d2d 2d2d 2d2d 2d2d 2d2d 2d2d 2d2d 2d2d  ----------------
0x0480:  2d2d 2d2d 2d2d 2d2d 2d2d 2d2d 2d2d 2d2d  ----------------
0x0490:  2d2d 2d2d 2d2d 2d2d 2d2d 2d2d 2d2d 2d2d  ----------------
0x04a0:  2d2d 2d2d 2d2d 2d2d 2d2d 2d2d 2d2d 2d2d  ----------------
0x04b0:  2d2d 2d2d 2d2d 2d2d 2d2d 2d2d 2d2d 2d2d  ----------------
0x04c0:  2d2d 2d2d 2d2d 2d2d 2d2d 2d2d 2d2d 2d2d  ----------------
0x04d0:  2d2d 2d2d 2d2d 2d2d 2d2d 2d2d 2d2d 2d2d  ----------------
0x04e0:  2d2d 2d2d 2d2d 2d2d 2d2d 2d31 3237 2e30  -----------127.0
0x04f0:  2e30 2e31 5130 3235 7b26 e9e7 e45c 71ff  .0.1Q025{&...\q.
0x0500:  6400 0000 5802 0000 0100 0000 0000 a000  d...X...........
0x0510:  0000 a000                                ....
 }

[0607/184432:VERBOSE1:quic_packet_creator.cc(594)] Adding frame: type { PADDING_FRAME } 
[0607/184432:VERBOSE1:quic_framer.cc(709)] Appending header: { connection_id: 11329148688709404647, connection_id_length:8, sequence_number_length:1, reset_flag: 0, version_flag: 1 version: , fec_flag: 0, entropy_flag: 1, entropy hash: 0, sequence_number: 5, is_in_fec_group:0, fec_group: 0}

[0607/184432:VERBOSE1:quic_framer.cc(769)] version = 25, tag = 'Q025'
[0607/184432:VERBOSE1:quic_connection.cc(1425)] Client: Retransmitting 4 as 5
[0607/184432:VERBOSE2:quic_sent_entropy_manager.cc(55)] Recorded sequence number 5 with entropy hash: 32
[0607/184432:VERBOSE1:quic_connection.cc(1540)] Client: Sending packet 5 : data bearing , encryption level: ENCRYPTION_NONE, encrypted length:1350
[0607/184432:VERBOSE2:quic_connection.cc(1550)] Client: packet(5): 
0x0000:  0de7 471b 3eb5 3839 9d51 3032 3505 dafc  ..G.>.89.Q025...
0x0010:  c3b3 1d0f 49cf f918 5859 01a0 0114 0543  ....I...XY.....C
0x0020:  484c 4f09 0000 0050 4144 009b 0400 0053  HLO....PAD.....S
0x0030:  4e49 00a4 0400 0056 4552 00a8 0400 0043  NI.....VER.....C
0x0040:  4353 00b0 0400 004d 5350 43b4 0400 0049  CS.....MSPC....I
0x0050:  4353 4cb8 0400 0053 434c 53bc 0400 0043  CSL....SCLS....C
0x0060:  4643 57c0 0400 0053 4643 57c4 0400 002d  FCW....SFCW....-
0x0070:  2d2d 2d2d 2d2d 2d2d 2d2d 2d2d 2d2d 2d2d  ----------------
0x0080:  2d2d 2d2d 2d2d 2d2d 2d2d 2d2d 2d2d 2d2d  ----------------
0x0090:  2d2d 2d2d 2d2d 2d2d 2d2d 2d2d 2d2d 2d2d  ----------------
0x00a0:  2d2d 2d2d 2d2d 2d2d 2d2d 2d2d 2d2d 2d2d  ----------------
0x00b0:  2d2d 2d2d 2d2d 2d2d 2d2d 2d2d 2d2d 2d2d  ----------------
0x00c0:  2d2d 2d2d 2d2d 2d2d 2d2d 2d2d 2d2d 2d2d  ----------------
0x00d0:  2d2d 2d2d 2d2d 2d2d 2d2d 2d2d 2d2d 2d2d  ----------------
0x00e0:  2d2d 2d2d 2d2d 2d2d 2d2d 2d2d 2d2d 2d2d  ----------------
0x00f0:  2d2d 2d2d 2d2d 2d2d 2d2d 2d2d 2d2d 2d2d  ----------------
0x0100:  2d2d 2d2d 2d2d 2d2d 2d2d 2d2d 2d2d 2d2d  ----------------
0x0110:  2d2d 2d2d 2d2d 2d2d 2d2d 2d2d 2d2d 2d2d  ----------------
0x0120:  2d2d 2d2d 2d2d 2d2d 2d2d 2d2d 2d2d 2d2d  ----------------
0x0130:  2d2d 2d2d 2d2d 2d2d 2d2d 2d2d 2d2d 2d2d  ----------------
0x0140:  2d2d 2d2d 2d2d 2d2d 2d2d 2d2d 2d2d 2d2d  ----------------
0x0150:  2d2d 2d2d 2d2d 2d2d 2d2d 2d2d 2d2d 2d2d  ----------------
0x0160:  2d2d 2d2d 2d2d 2d2d 2d2d 2d2d 2d2d 2d2d  ----------------
0x0170:  2d2d 2d2d 2d2d 2d2d 2d2d 2d2d 2d2d 2d2d  ----------------
0x0180:  2d2d 2d2d 2d2d 2d2d 2d2d 2d2d 2d2d 2d2d  ----------------
0x0190:  2d2d 2d2d 2d2d 2d2d 2d2d 2d2d 2d2d 2d2d  ----------------
0x01a0:  2d2d 2d2d 2d2d 2d2d 2d2d 2d2d 2d2d 2d2d  ----------------
0x01b0:  2d2d 2d2d 2d2d 2d2d 2d2d 2d2d 2d2d 2d2d  ----------------
0x01c0:  2d2d 2d2d 2d2d 2d2d 2d2d 2d2d 2d2d 2d2d  ----------------
0x01d0:  2d2d 2d2d 2d2d 2d2d 2d2d 2d2d 2d2d 2d2d  ----------------
0x01e0:  2d2d 2d2d 2d2d 2d2d 2d2d 2d2d 2d2d 2d2d  ----------------
0x01f0:  2d2d 2d2d 2d2d 2d2d 2d2d 2d2d 2d2d 2d2d  ----------------
0x0200:  2d2d 2d2d 2d2d 2d2d 2d2d 2d2d 2d2d 2d2d  ----------------
0x0210:  2d2d 2d2d 2d2d 2d2d 2d2d 2d2d 2d2d 2d2d  ----------------
0x0220:  2d2d 2d2d 2d2d 2d2d 2d2d 2d2d 2d2d 2d2d  ----------------
0x0230:  2d2d 2d2d 2d2d 2d2d 2d2d 2d2d 2d2d 2d2d  ----------------
0x0240:  2d2d 2d2d 2d2d 2d2d 2d2d 2d2d 2d2d 2d2d  ----------------
0x0250:  2d2d 2d2d 2d2d 2d2d 2d2d 2d2d 2d2d 2d2d  ----------------
0x0260:  2d2d 2d2d 2d2d 2d2d 2d2d 2d2d 2d2d 2d2d  ----------------
0x0270:  2d2d 2d2d 2d2d 2d2d 2d2d 2d2d 2d2d 2d2d  ----------------
0x0280:  2d2d 2d2d 2d2d 2d2d 2d2d 2d2d 2d2d 2d2d  ----------------
0x0290:  2d2d 2d2d 2d2d 2d2d 2d2d 2d2d 2d2d 2d2d  ----------------
0x02a0:  2d2d 2d2d 2d2d 2d2d 2d2d 2d2d 2d2d 2d2d  ----------------
0x02b0:  2d2d 2d2d 2d2d 2d2d 2d2d 2d2d 2d2d 2d2d  ----------------
0x02c0:  2d2d 2d2d 2d2d 2d2d 2d2d 2d2d 2d2d 2d2d  ----------------
0x02d0:  2d2d 2d2d 2d2d 2d2d 2d2d 2d2d 2d2d 2d2d  ----------------
0x02e0:  2d2d 2d2d 2d2d 2d2d 2d2d 2d2d 2d2d 2d2d  ----------------
0x02f0:  2d2d 2d2d 2d2d 2d2d 2d2d 2d2d 2d2d 2d2d  ----------------
0x0300:  2d2d 2d2d 2d2d 2d2d 2d2d 2d2d 2d2d 2d2d  ----------------
0x0310:  2d2d 2d2d 2d2d 2d2d 2d2d 2d2d 2d2d 2d2d  ----------------
0x0320:  2d2d 2d2d 2d2d 2d2d 2d2d 2d2d 2d2d 2d2d  ----------------
0x0330:  2d2d 2d2d 2d2d 2d2d 2d2d 2d2d 2d2d 2d2d  ----------------
0x0340:  2d2d 2d2d 2d2d 2d2d 2d2d 2d2d 2d2d 2d2d  ----------------
0x0350:  2d2d 2d2d 2d2d 2d2d 2d2d 2d2d 2d2d 2d2d  ----------------
0x0360:  2d2d 2d2d 2d2d 2d2d 2d2d 2d2d 2d2d 2d2d  ----------------
0x0370:  2d2d 2d2d 2d2d 2d2d 2d2d 2d2d 2d2d 2d2d  ----------------
0x0380:  2d2d 2d2d 2d2d 2d2d 2d2d 2d2d 2d2d 2d2d  ----------------
0x0390:  2d2d 2d2d 2d2d 2d2d 2d2d 2d2d 2d2d 2d2d  ----------------
0x03a0:  2d2d 2d2d 2d2d 2d2d 2d2d 2d2d 2d2d 2d2d  ----------------
0x03b0:  2d2d 2d2d 2d2d 2d2d 2d2d 2d2d 2d2d 2d2d  ----------------
0x03c0:  2d2d 2d2d 2d2d 2d2d 2d2d 2d2d 2d2d 2d2d  ----------------
0x03d0:  2d2d 2d2d 2d2d 2d2d 2d2d 2d2d 2d2d 2d2d  ----------------
0x03e0:  2d2d 2d2d 2d2d 2d2d 2d2d 2d2d 2d2d 2d2d  ----------------
0x03f0:  2d2d 2d2d 2d2d 2d2d 2d2d 2d2d 2d2d 2d2d  ----------------
0x0400:  2d2d 2d2d 2d2d 2d2d 2d2d 2d2d 2d2d 2d2d  ----------------
0x0410:  2d2d 2d2d 2d2d 2d2d 2d2d 2d2d 2d2d 2d2d  ----------------
0x0420:  2d2d 2d2d 2d2d 2d2d 2d2d 2d2d 2d2d 2d2d  ----------------
0x0430:  2d2d 2d2d 2d2d 2d2d 2d2d 2d2d 2d2d 2d2d  ----------------
0x0440:  2d2d 2d2d 2d2d 2d2d 2d2d 2d2d 2d2d 2d2d  ----------------
0x0450:  2d2d 2d2d 2d2d 2d2d 2d2d 2d2d 2d2d 2d2d  ----------------
0x0460:  2d2d 2d2d 2d2d 2d2d 2d2d 2d2d 2d2d 2d2d  ----------------
0x0470:  2d2d 2d2d 2d2d 2d2d 2d2d 2d2d 2d2d 2d2d  ----------------
0x0480:  2d2d 2d2d 2d2d 2d2d 2d2d 2d2d 2d2d 2d2d  ----------------
0x0490:  2d2d 2d2d 2d2d 2d2d 2d2d 2d2d 2d2d 2d2d  ----------------
0x04a0:  2d2d 2d2d 2d2d 2d2d 2d2d 2d2d 2d2d 2d2d  ----------------
0x04b0:  2d2d 2d2d 2d2d 2d2d 2d2d 2d2d 2d2d 2d2d  ----------------
0x04c0:  2d2d 2d2d 2d2d 2d2d 2d2d 2d2d 2d2d 2d2d  ----------------
0x04d0:  2d2d 2d2d 2d2d 2d2d 2d2d 2d2d 2d2d 2d2d  ----------------
0x04e0:  2d2d 2d2d 2d2d 2d2d 2d2d 2d2d 2d2d 2d2d  ----------------
0x04f0:  2d2d 2d2d 2d2d 2d2d 2d2d 2d2d 2d2d 2d2d  ----------------
0x0500:  2d2d 2d2d 2d2d 2d2d 2d2d 3132 372e 302e  ----------127.0.
0x0510:  302e 3151 3032 357b 26e9 e7e4 5c71 ff64  0.1Q025{&...\q.d
0x0520:  0000 0058 0200 0001 0000 0000 00a0 0000  ...X............
0x0530:  00a0 0000 0000 0000 0000 0000 0000 0000  ................
0x0540:  0000 0000 0000                           ......

[0607/184432:VERBOSE1:quic_connection.cc(1592)] Client: time we began writing last sent packet: 13141305872215355
[0607/184432:VERBOSE4:epoll_server.cc(471)] RegisteringAlarm at : 13141305874614500
[0607/184432:VERBOSE4:quic_alarm.cc(43)] Update  alarm
[0607/184432:VERBOSE1:quic_connection.cc(2166)] Entering Batch Mode.
[0607/184432:VERBOSE1:quic_connection.cc(2185)] Leaving Batch Mode.
[0607/184432:VERBOSE4:epoll_server.cc(391)] next_alarm_time = 13141305873958723 now             = 13141305872215482 timeout_in_us = 50000
[0607/184432:VERBOSE4:epoll_server.cc(407)] wait_time_in_us = 50000
[0607/184432:VERBOSE3:epoll_server.cc(664)] nfds=1
[0607/184432:VERBOSE1:quic_connection.cc(2166)] Entering Batch Mode.
[0607/184432:VERBOSE1:quic_connection.cc(2185)] Leaving Batch Mode.
[0607/184432:VERBOSE4:epoll_server.cc(391)] next_alarm_time = 13141305873958723 now             = 13141305872215511 timeout_in_us = 50000
[0607/184432:VERBOSE4:epoll_server.cc(407)] wait_time_in_us = 50000
[0607/184432:VERBOSE3:epoll_server.cc(664)] nfds=0
[0607/184432:VERBOSE4:epoll_server.cc(391)] next_alarm_time = 13141305873958723 now             = 13141305872266110 timeout_in_us = 50000
[0607/184432:VERBOSE4:epoll_server.cc(407)] wait_time_in_us = 50000
[0607/184432:VERBOSE3:epoll_server.cc(664)] nfds=0
[0607/184432:VERBOSE4:epoll_server.cc(391)] next_alarm_time = 13141305873958723 now             = 13141305872317152 timeout_in_us = 50000
[0607/184432:VERBOSE4:epoll_server.cc(407)] wait_time_in_us = 50000
[0607/184432:VERBOSE3:epoll_server.cc(664)] nfds=0
[0607/184432:VERBOSE4:epoll_server.cc(391)] next_alarm_time = 13141305873958723 now             = 13141305872367382 timeout_in_us = 50000
[0607/184432:VERBOSE4:epoll_server.cc(407)] wait_time_in_us = 50000
[0607/184432:VERBOSE3:epoll_server.cc(664)] nfds=0
[0607/184432:VERBOSE4:epoll_server.cc(391)] next_alarm_time = 13141305873958723 now             = 13141305872417557 timeout_in_us = 50000
[0607/184432:VERBOSE4:epoll_server.cc(407)] wait_time_in_us = 50000
[0607/184432:VERBOSE3:epoll_server.cc(664)] nfds=0
[0607/184432:VERBOSE4:epoll_server.cc(391)] next_alarm_time = 13141305873958723 now             = 13141305872468700 timeout_in_us = 50000
[0607/184432:VERBOSE4:epoll_server.cc(407)] wait_time_in_us = 50000
[0607/184432:VERBOSE3:epoll_server.cc(664)] nfds=0
[0607/184432:VERBOSE4:epoll_server.cc(391)] next_alarm_time = 13141305873958723 now             = 13141305872518893 timeout_in_us = 50000
[0607/184432:VERBOSE4:epoll_server.cc(407)] wait_time_in_us = 50000
[0607/184432:VERBOSE3:epoll_server.cc(664)] nfds=0
[0607/184432:VERBOSE4:epoll_server.cc(391)] next_alarm_time = 13141305873958723 now             = 13141305872569136 timeout_in_us = 50000
[0607/184432:VERBOSE4:epoll_server.cc(407)] wait_time_in_us = 50000
[0607/184432:VERBOSE3:epoll_server.cc(664)] nfds=0
[0607/184432:VERBOSE4:epoll_server.cc(391)] next_alarm_time = 13141305873958723 now             = 13141305872620146 timeout_in_us = 50000
[0607/184432:VERBOSE4:epoll_server.cc(407)] wait_time_in_us = 50000
[0607/184432:VERBOSE3:epoll_server.cc(664)] nfds=0
[0607/184432:VERBOSE4:epoll_server.cc(391)] next_alarm_time = 13141305873958723 now             = 13141305872670361 timeout_in_us = 50000
[0607/184432:VERBOSE4:epoll_server.cc(407)] wait_time_in_us = 50000
[0607/184432:VERBOSE3:epoll_server.cc(664)] nfds=0
[0607/184432:VERBOSE4:epoll_server.cc(391)] next_alarm_time = 13141305873958723 now             = 13141305872720610 timeout_in_us = 50000
[0607/184432:VERBOSE4:epoll_server.cc(407)] wait_time_in_us = 50000
[0607/184432:VERBOSE3:epoll_server.cc(664)] nfds=0
[0607/184432:VERBOSE4:epoll_server.cc(391)] next_alarm_time = 13141305873958723 now             = 13141305872771680 timeout_in_us = 50000
[0607/184432:VERBOSE4:epoll_server.cc(407)] wait_time_in_us = 50000
[0607/184432:VERBOSE3:epoll_server.cc(664)] nfds=0
[0607/184432:VERBOSE4:epoll_server.cc(391)] next_alarm_time = 13141305873958723 now             = 13141305872821869 timeout_in_us = 50000
[0607/184432:VERBOSE4:epoll_server.cc(407)] wait_time_in_us = 50000
[0607/184432:VERBOSE3:epoll_server.cc(664)] nfds=0
[0607/184432:VERBOSE4:epoll_server.cc(391)] next_alarm_time = 13141305873958723 now             = 13141305872872010 timeout_in_us = 50000
[0607/184432:VERBOSE4:epoll_server.cc(407)] wait_time_in_us = 50000
[0607/184432:VERBOSE3:epoll_server.cc(664)] nfds=0
[0607/184432:VERBOSE4:epoll_server.cc(391)] next_alarm_time = 13141305873958723 now             = 13141305872922273 timeout_in_us = 50000
[0607/184432:VERBOSE4:epoll_server.cc(407)] wait_time_in_us = 50000
[0607/184432:VERBOSE3:epoll_server.cc(664)] nfds=0
[0607/184432:VERBOSE4:epoll_server.cc(391)] next_alarm_time = 13141305873958723 now             = 13141305872972485 timeout_in_us = 50000
[0607/184432:VERBOSE4:epoll_server.cc(407)] wait_time_in_us = 50000
[0607/184433:VERBOSE3:epoll_server.cc(664)] nfds=0
[0607/184433:VERBOSE4:epoll_server.cc(391)] next_alarm_time = 13141305873958723 now             = 13141305873023693 timeout_in_us = 50000
[0607/184433:VERBOSE4:epoll_server.cc(407)] wait_time_in_us = 50000
[0607/184433:VERBOSE3:epoll_server.cc(664)] nfds=0
[0607/184433:VERBOSE4:epoll_server.cc(391)] next_alarm_time = 13141305873958723 now             = 13141305873073909 timeout_in_us = 50000
[0607/184433:VERBOSE4:epoll_server.cc(407)] wait_time_in_us = 50000
[0607/184433:VERBOSE3:epoll_server.cc(664)] nfds=0
[0607/184433:VERBOSE4:epoll_server.cc(391)] next_alarm_time = 13141305873958723 now             = 13141305873124144 timeout_in_us = 50000
[0607/184433:VERBOSE4:epoll_server.cc(407)] wait_time_in_us = 50000
[0607/184433:VERBOSE3:epoll_server.cc(664)] nfds=0
[0607/184433:VERBOSE4:epoll_server.cc(391)] next_alarm_time = 13141305873958723 now             = 13141305873174408 timeout_in_us = 50000
[0607/184433:VERBOSE4:epoll_server.cc(407)] wait_time_in_us = 50000
[0607/184433:VERBOSE3:epoll_server.cc(664)] nfds=0
[0607/184433:VERBOSE4:epoll_server.cc(391)] next_alarm_time = 13141305873958723 now             = 13141305873224590 timeout_in_us = 50000
[0607/184433:VERBOSE4:epoll_server.cc(407)] wait_time_in_us = 50000
[0607/184433:VERBOSE3:epoll_server.cc(664)] nfds=0
[0607/184433:VERBOSE4:epoll_server.cc(391)] next_alarm_time = 13141305873958723 now             = 13141305873274841 timeout_in_us = 50000
[0607/184433:VERBOSE4:epoll_server.cc(407)] wait_time_in_us = 50000
[0607/184433:VERBOSE3:epoll_server.cc(664)] nfds=0
[0607/184433:VERBOSE4:epoll_server.cc(391)] next_alarm_time = 13141305873958723 now             = 13141305873325093 timeout_in_us = 50000
[0607/184433:VERBOSE4:epoll_server.cc(407)] wait_time_in_us = 50000
[0607/184433:VERBOSE3:epoll_server.cc(664)] nfds=0
[0607/184433:VERBOSE4:epoll_server.cc(391)] next_alarm_time = 13141305873958723 now             = 13141305873375342 timeout_in_us = 50000
[0607/184433:VERBOSE4:epoll_server.cc(407)] wait_time_in_us = 50000
[0607/184433:VERBOSE3:epoll_server.cc(664)] nfds=0
[0607/184433:VERBOSE4:epoll_server.cc(391)] next_alarm_time = 13141305873958723 now             = 13141305873425566 timeout_in_us = 50000
[0607/184433:VERBOSE4:epoll_server.cc(407)] wait_time_in_us = 50000
[0607/184433:VERBOSE3:epoll_server.cc(664)] nfds=0
[0607/184433:VERBOSE4:epoll_server.cc(391)] next_alarm_time = 13141305873958723 now             = 13141305873475833 timeout_in_us = 50000
[0607/184433:VERBOSE4:epoll_server.cc(407)] wait_time_in_us = 50000
[0607/184433:VERBOSE3:epoll_server.cc(664)] nfds=0
[0607/184433:VERBOSE4:epoll_server.cc(391)] next_alarm_time = 13141305873958723 now             = 13141305873526284 timeout_in_us = 50000
[0607/184433:VERBOSE4:epoll_server.cc(407)] wait_time_in_us = 50000
[0607/184433:VERBOSE3:epoll_server.cc(664)] nfds=0
[0607/184433:VERBOSE4:epoll_server.cc(391)] next_alarm_time = 13141305873958723 now             = 13141305873577327 timeout_in_us = 50000
[0607/184433:VERBOSE4:epoll_server.cc(407)] wait_time_in_us = 50000
[0607/184433:VERBOSE3:epoll_server.cc(664)] nfds=0
[0607/184433:VERBOSE4:epoll_server.cc(391)] next_alarm_time = 13141305873958723 now             = 13141305873627538 timeout_in_us = 50000
[0607/184433:VERBOSE4:epoll_server.cc(407)] wait_time_in_us = 50000
[0607/184433:VERBOSE3:epoll_server.cc(664)] nfds=0
[0607/184433:VERBOSE4:epoll_server.cc(391)] next_alarm_time = 13141305873958723 now             = 13141305873677818 timeout_in_us = 50000
[0607/184433:VERBOSE4:epoll_server.cc(407)] wait_time_in_us = 50000
[0607/184433:VERBOSE3:epoll_server.cc(664)] nfds=0
[0607/184433:VERBOSE4:epoll_server.cc(391)] next_alarm_time = 13141305873958723 now             = 13141305873728836 timeout_in_us = 50000
[0607/184433:VERBOSE4:epoll_server.cc(407)] wait_time_in_us = 50000
[0607/184433:VERBOSE3:epoll_server.cc(664)] nfds=0
[0607/184433:VERBOSE4:epoll_server.cc(391)] next_alarm_time = 13141305873958723 now             = 13141305873779144 timeout_in_us = 50000
[0607/184433:VERBOSE4:epoll_server.cc(407)] wait_time_in_us = 50000
[0607/184433:VERBOSE3:epoll_server.cc(664)] nfds=0
[0607/184433:VERBOSE4:epoll_server.cc(391)] next_alarm_time = 13141305873958723 now             = 13141305873829414 timeout_in_us = 50000
[0607/184433:VERBOSE4:epoll_server.cc(407)] wait_time_in_us = 50000
[0607/184433:VERBOSE3:epoll_server.cc(664)] nfds=0
[0607/184433:VERBOSE4:epoll_server.cc(391)] next_alarm_time = 13141305873958723 now             = 13141305873879672 timeout_in_us = 50000
[0607/184433:VERBOSE4:epoll_server.cc(407)] wait_time_in_us = 50000
[0607/184433:VERBOSE3:epoll_server.cc(664)] nfds=0
[0607/184433:VERBOSE4:epoll_server.cc(391)] next_alarm_time = 13141305873958723 now             = 13141305873929913 timeout_in_us = 50000
[0607/184433:VERBOSE4:epoll_server.cc(407)] wait_time_in_us = 28810
[0607/184433:VERBOSE3:epoll_server.cc(664)] nfds=0
[0607/184433:VERBOSE4:epoll_server.cc(391)] next_alarm_time = 13141305873958723 now             = 13141305873958111 timeout_in_us = 50000
[0607/184433:VERBOSE4:epoll_server.cc(407)] wait_time_in_us = 612
[0607/184433:VERBOSE3:epoll_server.cc(664)] nfds=0
[0607/184433:VERBOSE1:quic_connection.cc(2091)] Client: last packet 13141305869960828 now:13141305873959302 idle_duration:3998474 idle_network_timeout: 4000000
[0607/184433:VERBOSE1:quic_connection.cc(2106)] Client: connection time: 4000517 overall timeout: 10000000
[0607/184433:VERBOSE4:epoll_server.cc(471)] RegisteringAlarm at : 13141305873960828
[0607/184433:VERBOSE4:quic_connection.cc(2133)] timeout_alarm_  set
[0607/184433:VERBOSE4:epoll_server.cc(391)] next_alarm_time = 13141305873960828 now             = 13141305873959376 timeout_in_us = 50000
[0607/184433:VERBOSE4:epoll_server.cc(407)] wait_time_in_us = 1452
[0607/184433:VERBOSE3:epoll_server.cc(664)] nfds=0
[0607/184433:VERBOSE4:epoll_server.cc(391)] next_alarm_time = 13141305873960828 now             = 13141305873960618 timeout_in_us = 50000
[0607/184433:VERBOSE4:epoll_server.cc(407)] wait_time_in_us = 210
[0607/184433:VERBOSE3:epoll_server.cc(664)] nfds=0
[0607/184433:VERBOSE1:quic_connection.cc(2091)] Client: last packet 13141305869960828 now:13141305873962777 idle_duration:4001949 idle_network_timeout: 4000000
[0607/184433:VERBOSE1:quic_connection.cc(2098)] Client: Connection timedout due to no network activity.
[0607/184433:VERBOSE1:quic_connection.cc(1961)] Client: Force closing 11329148688709404647 with error QUIC_CONNECTION_TIMED_OUT (25) 
[0607/184433:VERBOSE1:quic_connection.cc(2166)] Entering Batch Mode.
[0607/184433:VERBOSE1:quic_connection.cc(2174)] Bundling ack with outgoing packet.
[0607/184433:VERBOSE1:quic_packet_creator.cc(594)] Adding frame: type { ACK_FRAME } entropy_hash: 0 largest_observed: 0 delta_time_largest_observed: 922337203685477580 missing_packets: [  ] is_truncated: 0 revived_packets: [  ] received_packets: [  ]
[0607/184433:VERBOSE1:quic_packet_creator.cc(594)] Adding frame: type { STOP_WAITING_FRAME } entropy_hash: 0 least_unacked: 1
[0607/184433:VERBOSE1:quic_packet_creator.cc(594)] Adding frame: type { CONNECTION_CLOSE_FRAME } error_code { 25 } error_details {  }

[0607/184433:VERBOSE1:quic_framer.cc(709)] Appending header: { connection_id: 11329148688709404647, connection_id_length:8, sequence_number_length:1, reset_flag: 0, version_flag: 1 version: , fec_flag: 0, entropy_flag: 0, entropy hash: 0, sequence_number: 6, is_in_fec_group:0, fec_group: 0}

[0607/184433:VERBOSE1:quic_framer.cc(769)] version = 25, tag = 'Q025'
[0607/184433:VERBOSE2:quic_sent_entropy_manager.cc(55)] Recorded sequence number 6 with entropy hash: 0
[0607/184433:VERBOSE1:quic_connection.cc(1540)] Client: Sending packet 6 : data bearing , encryption level: ENCRYPTION_NONE, encrypted length:43
[0607/184433:VERBOSE2:quic_connection.cc(1550)] Client: packet(6): 
0x0000:  0de7 471b 3eb5 3839 9d51 3032 3506 a407  ..G.>.89.Q025...
0x0010:  d1b0 5700 a28d 3066 840b 0040 0000 ffff  ..W...0f...@....
0x0020:  0006 0005 0219 0000 0000 00              ...........

[0607/184433:VERBOSE1:quic_connection.cc(1592)] Client: time we began writing last sent packet: 13141305873963152
[0607/184433:VERBOSE4:epoll_server.cc(471)] RegisteringAlarm at : 13141305876362777
[0607/184433:VERBOSE4:quic_alarm.cc(43)] Update  alarm
[0607/184433:VERBOSE1:quic_connection.cc(2185)] Leaving Batch Mode.
[0607/184433:VERBOSE2:epoll_server.cc(155)] Shutting down epoll server 
